epoch: 0 step: 0 train_loss: 1.159297227859497 
epoch: 0 step: 5 train_loss: 1.3027206659317017 
epoch: 0 step: 10 train_loss: 1.1419299840927124 
epoch: 0 step: 15 train_loss: 1.0748883485794067 
epoch: 0 step: 20 train_loss: 1.0557128190994263 
epoch: 0 step: 25 train_loss: 1.0697847604751587 
epoch: 0 step: 30 train_loss: 1.0354875326156616 
epoch: 0 step: 35 train_loss: 1.0508774518966675 
epoch: 0 step: 40 train_loss: 0.9981726408004761 
epoch: 0 step: 45 train_loss: 0.9463709592819214 
epoch: 0 step: 50 train_loss: 0.8343388438224792 
epoch: 0 step: 55 train_loss: 0.5740684866905212 
epoch: 0 step: 60 train_loss: 0.9391142725944519 
epoch: 0 step: 65 train_loss: 0.6210258603096008 
epoch: 0 step: 70 train_loss: 0.725749135017395 
epoch: 0 step: 75 train_loss: 0.6287629008293152 
epoch: 0 step: 80 train_loss: 0.5912978053092957 
epoch: 0 step: 85 train_loss: 0.5860221982002258 
epoch: 0 step: 90 train_loss: 1.8961570262908936 
epoch: 0 step: 95 train_loss: 1.106608510017395 
epoch: 0 step: 100 train_loss: 1.0850340127944946 
epoch: 0 step: 105 train_loss: 1.0217825174331665 
epoch: 0 step: 110 train_loss: 1.0342278480529785 
epoch: 0 step: 115 train_loss: 1.030150055885315 
epoch: 0 step: 120 train_loss: 1.0248957872390747 
epoch: 0 step: 125 train_loss: 1.011199712753296 
epoch: 0 step: 130 train_loss: 1.0993943214416504 
epoch: 0 step: 135 train_loss: 1.0186729431152344 
epoch: 0 step: 140 train_loss: 1.0409109592437744 
epoch: 0 step: 145 train_loss: 0.9451911449432373 
epoch: 0 step: 150 train_loss: 0.9721249341964722 
epoch: 0 step: 155 train_loss: 1.0296800136566162 
epoch: 0 step: 160 train_loss: 0.680029571056366 
epoch: 0 step: 165 train_loss: 0.6512548923492432 
epoch: 0 step: 170 train_loss: 0.624121367931366 
epoch: 0 step: 175 train_loss: 0.5662195086479187 
epoch: 0 step: 180 train_loss: 0.6025628447532654 
epoch: 0 step: 185 train_loss: 0.5084273815155029 
epoch: 0 step: 190 train_loss: 0.5686420798301697 
epoch: 0 step: 195 train_loss: 0.6430550813674927 
epoch: 0 step: 200 train_loss: 0.6040465831756592 
epoch: 0 step: 205 train_loss: 0.821566104888916 
epoch: 0 step: 210 train_loss: 1.3159083127975464 
epoch: 0 step: 215 train_loss: 1.1118292808532715 
epoch: 0 step: 220 train_loss: 0.9411566257476807 
epoch: 0 step: 225 train_loss: 0.7805952429771423 
epoch: 0 step: 230 train_loss: 0.7990891337394714 
epoch: 0 step: 235 train_loss: 1.0463826656341553 
epoch: 0 step: 240 train_loss: 1.0747509002685547 
epoch: 0 step: 245 train_loss: 1.0673127174377441 
epoch: 0 step: 250 train_loss: 1.0756123065948486 
epoch: 0 step: 255 train_loss: 1.0802505016326904 
epoch: 0 step: 260 train_loss: 1.0459015369415283 
epoch: 0 step: 265 train_loss: 1.0266368389129639 
epoch: 0 step: 270 train_loss: 1.0079691410064697 
epoch: 0 step: 275 train_loss: 0.9468801617622375 
epoch: 0 step: 280 train_loss: 0.8628310561180115 
epoch: 0 step: 285 train_loss: 0.819546639919281 
epoch: 0 step: 290 train_loss: 0.7569876313209534 
epoch: 0 step: 295 train_loss: 0.7824532389640808 
epoch: 0 step: 300 train_loss: 0.673051655292511 
epoch: 0 step: 305 train_loss: 0.6325985789299011 
epoch: 0 step: 310 train_loss: 0.6740139126777649 
epoch: 0 step: 315 train_loss: 0.6481752395629883 
epoch: 0 step: 320 train_loss: 0.6202932596206665 
epoch: 0 step: 325 train_loss: 0.6426879167556763 
epoch: 0 step: 330 train_loss: 0.6784292459487915 
epoch: 0 step: 335 train_loss: 0.6653357744216919 
epoch: 0 step: 340 train_loss: 0.7017526030540466 
epoch: 0 step: 345 train_loss: 0.6610041856765747 
epoch: 0 step: 350 train_loss: 0.6466180682182312 
epoch: 0 step: 355 train_loss: 0.635562539100647 
epoch: 0 step: 360 train_loss: 0.6103611588478088 
epoch: 0 step: 365 train_loss: 0.5825530290603638 
epoch: 0 step: 370 train_loss: 0.5663326978683472 
epoch: 0 step: 375 train_loss: 0.6553246974945068 
epoch: 0 step: 380 train_loss: 0.5866636037826538 
epoch: 0 step: 385 train_loss: 0.6357743144035339 
epoch: 0 step: 390 train_loss: 0.6607167720794678 
epoch: 0 step: 395 train_loss: 0.562691330909729 
epoch: 0 step: 400 train_loss: 0.6252149939537048 
epoch: 0 step: 405 train_loss: 0.5589082837104797 
epoch: 0 step: 410 train_loss: 0.6336215734481812 
epoch: 0 step: 415 train_loss: 0.592957079410553 
epoch: 0 step: 420 train_loss: 0.6194686889648438 
epoch: 0 step: 425 train_loss: 0.6504989862442017 
epoch: 0 step: 430 train_loss: 0.5956419110298157 
epoch: 0 step: 435 train_loss: 0.6872759461402893 
epoch: 0 step: 440 train_loss: 0.6660385727882385 
epoch: 0 step: 445 train_loss: 0.5034236311912537 
epoch: 0 step: 450 train_loss: 0.616709291934967 
epoch: 0 step: 455 train_loss: 0.5612336993217468 
epoch: 0 step: 460 train_loss: 0.6029698848724365 
epoch: 0 step: 465 train_loss: 0.6103055477142334 
epoch: 0 step: 470 train_loss: 0.5975379943847656 
epoch: 0 step: 475 train_loss: 0.5656772255897522 
epoch: 0 step: 480 train_loss: 0.5951122641563416 
epoch: 0 step: 485 train_loss: 0.5934135913848877 
epoch: 0 step: 490 train_loss: 0.5991426706314087 
epoch: 0 step: 495 train_loss: 0.6205021142959595 
epoch: 0 step: 500 train_loss: 0.6166124939918518 
epoch: 0 step: 505 train_loss: 0.6118457913398743 
epoch: 0 step: 510 train_loss: 0.6437801718711853 
epoch: 0 step: 515 train_loss: 0.6739652156829834 
epoch: 0 step: 520 train_loss: 0.533077597618103 
epoch: 0 step: 525 train_loss: 0.6009170413017273 
epoch: 0 step: 530 train_loss: 0.6130990982055664 
epoch: 0 step: 535 train_loss: 0.5677053332328796 
epoch: 0 step: 540 train_loss: 0.6043035387992859 
epoch: 0 step: 545 train_loss: 0.583602249622345 
epoch: 0 step: 550 train_loss: 0.6219189763069153 
epoch: 0 step: 555 train_loss: 0.5476391315460205 
epoch: 0 step: 560 train_loss: 0.5599418878555298 
epoch: 0 step: 565 train_loss: 0.5200397372245789 
epoch: 0 step: 570 train_loss: 0.6589770317077637 
epoch: 0 step: 575 train_loss: 0.6315586566925049 
epoch: 0 step: 580 train_loss: 1.1040643453598022 
epoch: 0 step: 585 train_loss: 0.7728247046470642 
epoch: 0 step: 590 train_loss: 0.7830663919448853 
epoch: 0 step: 595 train_loss: 0.5457749962806702 
epoch: 0 step: 600 train_loss: 0.5717735886573792 
epoch: 0 step: 605 train_loss: 0.6310276389122009 
epoch: 0 step: 610 train_loss: 0.5232110023498535 
epoch: 0 step: 615 train_loss: 0.6233006715774536 
epoch: 0 step: 620 train_loss: 0.5935555100440979 
epoch: 0 step: 625 train_loss: 0.5564984083175659 
epoch: 0 step: 630 train_loss: 0.6396398544311523 
epoch: 0 step: 635 train_loss: 0.569551408290863 
epoch: 0 step: 640 train_loss: 0.6270753741264343 
epoch: 0 step: 645 train_loss: 0.5691423416137695 
epoch: 0 step: 650 train_loss: 0.5479947328567505 
epoch: 0 step: 655 train_loss: 0.6301752924919128 
epoch: 0 step: 660 train_loss: 0.6178674697875977 
epoch: 0 step: 665 train_loss: 0.5059513449668884 
epoch: 0 step: 670 train_loss: 0.6474863290786743 
epoch: 0 step: 675 train_loss: 0.5915929675102234 
epoch: 0 step: 680 train_loss: 0.5429952144622803 
epoch: 0 step: 685 train_loss: 0.53521329164505 
epoch: 0 step: 690 train_loss: 0.5487551689147949 
epoch: 0 step: 695 train_loss: 0.606778621673584 
epoch: 0 step: 700 train_loss: 0.5801483392715454 
epoch: 0 step: 705 train_loss: 0.5694631934165955 
epoch: 0 step: 710 train_loss: 0.6297593116760254 
epoch: 0 step: 715 train_loss: 0.4904520809650421 
epoch: 0 step: 720 train_loss: 0.54839026927948 
epoch: 0 step: 725 train_loss: 0.5032541751861572 
epoch: 0 step: 730 train_loss: 0.6114206910133362 
epoch: 0 step: 735 train_loss: 0.6137984395027161 
epoch: 0 step: 740 train_loss: 0.5520329475402832 
epoch: 0 step: 745 train_loss: 0.5978191494941711 
epoch: 0 step: 750 train_loss: 0.48494473099708557 
epoch: 0 step: 755 train_loss: 0.5570162534713745 
epoch: 1 step: 0 train_loss: 0.5693567991256714 
epoch: 1 step: 5 train_loss: 0.5642930865287781 
epoch: 1 step: 10 train_loss: 0.5455973148345947 
epoch: 1 step: 15 train_loss: 0.6221441030502319 
epoch: 1 step: 20 train_loss: 0.59609055519104 
epoch: 1 step: 25 train_loss: 0.4903261065483093 
epoch: 1 step: 30 train_loss: 0.580908477306366 
epoch: 1 step: 35 train_loss: 0.5011885762214661 
epoch: 1 step: 40 train_loss: 0.6316039562225342 
epoch: 1 step: 45 train_loss: 0.5767546892166138 
epoch: 1 step: 50 train_loss: 0.5421196222305298 
epoch: 1 step: 55 train_loss: 0.4976491630077362 
epoch: 1 step: 60 train_loss: 0.6568580269813538 
epoch: 1 step: 65 train_loss: 0.5962640643119812 
epoch: 1 step: 70 train_loss: 0.6271557211875916 
epoch: 1 step: 75 train_loss: 0.6142755150794983 
epoch: 1 step: 80 train_loss: 0.5884873867034912 
epoch: 1 step: 85 train_loss: 0.5255168676376343 
epoch: 1 step: 90 train_loss: 0.5293113589286804 
epoch: 1 step: 95 train_loss: 0.5670490860939026 
epoch: 1 step: 100 train_loss: 0.5462417602539062 
epoch: 1 step: 105 train_loss: 0.6525716185569763 
epoch: 1 step: 110 train_loss: 0.5343842506408691 
epoch: 1 step: 115 train_loss: 0.5523903965950012 
epoch: 1 step: 120 train_loss: 0.5497295260429382 
epoch: 1 step: 125 train_loss: 0.5390047430992126 
epoch: 1 step: 130 train_loss: 0.6538657546043396 
epoch: 1 step: 135 train_loss: 0.5437919497489929 
epoch: 1 step: 140 train_loss: 0.6380296349525452 
epoch: 1 step: 145 train_loss: 0.5504528284072876 
epoch: 1 step: 150 train_loss: 0.48379993438720703 
epoch: 1 step: 155 train_loss: 0.610350489616394 
epoch: 1 step: 160 train_loss: 0.5674786567687988 
epoch: 1 step: 165 train_loss: 0.5380967855453491 
epoch: 1 step: 170 train_loss: 0.5978741645812988 
epoch: 1 step: 175 train_loss: 0.6107341051101685 
epoch: 1 step: 180 train_loss: 0.7959810495376587 
epoch: 1 step: 185 train_loss: 0.6005251407623291 
epoch: 1 step: 190 train_loss: 0.5825806856155396 
epoch: 1 step: 195 train_loss: 0.6245359778404236 
epoch: 1 step: 200 train_loss: 0.5801063776016235 
epoch: 1 step: 205 train_loss: 0.5165939927101135 
epoch: 1 step: 210 train_loss: 0.6282690167427063 
epoch: 1 step: 215 train_loss: 0.5531833171844482 
epoch: 1 step: 220 train_loss: 0.48919352889060974 
epoch: 1 step: 225 train_loss: 0.5681489109992981 
epoch: 1 step: 230 train_loss: 0.5444484949111938 
epoch: 1 step: 235 train_loss: 0.5886613726615906 
epoch: 1 step: 240 train_loss: 0.5573061108589172 
epoch: 1 step: 245 train_loss: 0.5957860350608826 
epoch: 1 step: 250 train_loss: 0.5138611197471619 
epoch: 1 step: 255 train_loss: 0.6014248132705688 
epoch: 1 step: 260 train_loss: 0.5498930215835571 
epoch: 1 step: 265 train_loss: 0.6107837557792664 
epoch: 1 step: 270 train_loss: 0.5813750624656677 
epoch: 1 step: 275 train_loss: 0.48768195509910583 
epoch: 1 step: 280 train_loss: 0.5724477767944336 
epoch: 1 step: 285 train_loss: 0.5623926520347595 
epoch: 1 step: 290 train_loss: 0.5192096829414368 
epoch: 1 step: 295 train_loss: 0.5302124619483948 
epoch: 1 step: 300 train_loss: 0.5356103181838989 
epoch: 1 step: 305 train_loss: 0.5384587645530701 
epoch: 1 step: 310 train_loss: 0.5800650119781494 
epoch: 1 step: 315 train_loss: 0.540959894657135 
epoch: 1 step: 320 train_loss: 0.5430059432983398 
epoch: 1 step: 325 train_loss: 0.5646842122077942 
epoch: 1 step: 330 train_loss: 0.5709899663925171 
epoch: 1 step: 335 train_loss: 0.5457822680473328 
epoch: 1 step: 340 train_loss: 0.5821439027786255 
epoch: 1 step: 345 train_loss: 0.5292019248008728 
epoch: 1 step: 350 train_loss: 0.5766701102256775 
epoch: 1 step: 355 train_loss: 0.6041548848152161 
epoch: 1 step: 360 train_loss: 0.553411066532135 
epoch: 1 step: 365 train_loss: 0.6603976488113403 
epoch: 1 step: 370 train_loss: 0.5400364995002747 
epoch: 1 step: 375 train_loss: 0.5733423233032227 
epoch: 1 step: 380 train_loss: 0.49234122037887573 
epoch: 1 step: 385 train_loss: 0.5086130499839783 
epoch: 1 step: 390 train_loss: 0.6055688858032227 
epoch: 1 step: 395 train_loss: 0.5911149382591248 
epoch: 1 step: 400 train_loss: 0.551276683807373 
epoch: 1 step: 405 train_loss: 0.5875664353370667 
epoch: 1 step: 410 train_loss: 0.5457594394683838 
epoch: 1 step: 415 train_loss: 0.5582000017166138 
epoch: 1 step: 420 train_loss: 0.5660265684127808 
epoch: 1 step: 425 train_loss: 0.561546802520752 
epoch: 1 step: 430 train_loss: 0.5236007571220398 
epoch: 1 step: 435 train_loss: 0.5971621870994568 
epoch: 1 step: 440 train_loss: 0.5663671493530273 
epoch: 1 step: 445 train_loss: 0.6047728657722473 
epoch: 1 step: 450 train_loss: 0.5619457960128784 
epoch: 1 step: 455 train_loss: 0.6181175112724304 
epoch: 1 step: 460 train_loss: 0.5608267188072205 
epoch: 1 step: 465 train_loss: 0.5793999433517456 
epoch: 1 step: 470 train_loss: 0.49804648756980896 
epoch: 1 step: 475 train_loss: 0.6416121125221252 
epoch: 1 step: 480 train_loss: 0.5741782188415527 
epoch: 1 step: 485 train_loss: 0.5425508618354797 
epoch: 1 step: 490 train_loss: 0.48925355076789856 
epoch: 1 step: 495 train_loss: 0.566154956817627 
epoch: 1 step: 500 train_loss: 0.5198873281478882 
epoch: 1 step: 505 train_loss: 0.49414685368537903 
epoch: 1 step: 510 train_loss: 0.5144966244697571 
epoch: 1 step: 515 train_loss: 0.5324192047119141 
epoch: 1 step: 520 train_loss: 0.4903237819671631 
epoch: 1 step: 525 train_loss: 0.531002938747406 
epoch: 1 step: 530 train_loss: 0.554506778717041 
epoch: 1 step: 535 train_loss: 0.6037684082984924 
epoch: 1 step: 540 train_loss: 0.5995935797691345 
epoch: 1 step: 545 train_loss: 0.6297661662101746 
epoch: 1 step: 550 train_loss: 0.5306112170219421 
epoch: 1 step: 555 train_loss: 0.5661306381225586 
epoch: 1 step: 560 train_loss: 0.569938600063324 
epoch: 1 step: 565 train_loss: 0.5337505340576172 
epoch: 1 step: 570 train_loss: 0.5767542123794556 
epoch: 1 step: 575 train_loss: 0.552908182144165 
epoch: 1 step: 580 train_loss: 0.50437992811203 
epoch: 1 step: 585 train_loss: 0.8322880268096924 
epoch: 1 step: 590 train_loss: 0.6033780574798584 
epoch: 1 step: 595 train_loss: 0.7570521235466003 
epoch: 1 step: 600 train_loss: 0.6472187638282776 
epoch: 1 step: 605 train_loss: 0.5582807064056396 
epoch: 1 step: 610 train_loss: 0.581074595451355 
epoch: 1 step: 615 train_loss: 0.5230472683906555 
epoch: 1 step: 620 train_loss: 0.4907456040382385 
epoch: 1 step: 625 train_loss: 0.6096463203430176 
epoch: 1 step: 630 train_loss: 0.4783656895160675 
epoch: 1 step: 635 train_loss: 0.5592772960662842 
epoch: 1 step: 640 train_loss: 0.534509539604187 
epoch: 1 step: 645 train_loss: 0.5724738836288452 
epoch: 1 step: 650 train_loss: 0.5003918409347534 
epoch: 1 step: 655 train_loss: 0.44270065426826477 
epoch: 1 step: 660 train_loss: 0.5455566644668579 
epoch: 1 step: 665 train_loss: 0.5059511661529541 
epoch: 1 step: 670 train_loss: 0.6102195978164673 
epoch: 1 step: 675 train_loss: 0.49692922830581665 
epoch: 1 step: 680 train_loss: 0.4736955463886261 
epoch: 1 step: 685 train_loss: 0.532029926776886 
epoch: 1 step: 690 train_loss: 0.6427379250526428 
epoch: 1 step: 695 train_loss: 1.050858974456787 
epoch: 1 step: 700 train_loss: 0.6560074687004089 
epoch: 1 step: 705 train_loss: 0.612729549407959 
epoch: 1 step: 710 train_loss: 0.5592507719993591 
epoch: 1 step: 715 train_loss: 0.5207451581954956 
epoch: 1 step: 720 train_loss: 0.6002713441848755 
epoch: 1 step: 725 train_loss: 0.5637046694755554 
epoch: 1 step: 730 train_loss: 0.6162459850311279 
epoch: 1 step: 735 train_loss: 0.5725968480110168 
epoch: 1 step: 740 train_loss: 0.4737131893634796 
epoch: 1 step: 745 train_loss: 0.5292202234268188 
epoch: 1 step: 750 train_loss: 0.5191299915313721 
epoch: 1 step: 755 train_loss: 0.5994201898574829 
epoch: 2 step: 0 train_loss: 0.5514006018638611 
epoch: 2 step: 5 train_loss: 0.5370467901229858 
epoch: 2 step: 10 train_loss: 0.5302270650863647 
epoch: 2 step: 15 train_loss: 0.5118030309677124 
epoch: 2 step: 20 train_loss: 0.5792656540870667 
epoch: 2 step: 25 train_loss: 0.5087188482284546 
epoch: 2 step: 30 train_loss: 0.5729566812515259 
epoch: 2 step: 35 train_loss: 0.6037570238113403 
epoch: 2 step: 40 train_loss: 0.5776298642158508 
epoch: 2 step: 45 train_loss: 0.5524204969406128 
epoch: 2 step: 50 train_loss: 0.5836690068244934 
epoch: 2 step: 55 train_loss: 0.4756797254085541 
epoch: 2 step: 60 train_loss: 0.5658953785896301 
epoch: 2 step: 65 train_loss: 0.5341448187828064 
epoch: 2 step: 70 train_loss: 0.6237375736236572 
epoch: 2 step: 75 train_loss: 0.5178742408752441 
epoch: 2 step: 80 train_loss: 0.57091224193573 
epoch: 2 step: 85 train_loss: 0.5888816714286804 
epoch: 2 step: 90 train_loss: 0.5136951208114624 
epoch: 2 step: 95 train_loss: 0.5297130942344666 
epoch: 2 step: 100 train_loss: 0.5204768776893616 
epoch: 2 step: 105 train_loss: 0.5051095485687256 
epoch: 2 step: 110 train_loss: 0.5178582668304443 
epoch: 2 step: 115 train_loss: 0.5121806859970093 
epoch: 2 step: 120 train_loss: 0.5173995494842529 
epoch: 2 step: 125 train_loss: 0.4798578917980194 
epoch: 2 step: 130 train_loss: 0.4894426763057709 
epoch: 2 step: 135 train_loss: 0.5858138203620911 
epoch: 2 step: 140 train_loss: 0.525130569934845 
epoch: 2 step: 145 train_loss: 0.5257925391197205 
epoch: 2 step: 150 train_loss: 0.529871940612793 
epoch: 2 step: 155 train_loss: 0.5135767459869385 
epoch: 2 step: 160 train_loss: 0.5415194630622864 
epoch: 2 step: 165 train_loss: 0.5464710593223572 
epoch: 2 step: 170 train_loss: 0.5319457650184631 
epoch: 2 step: 175 train_loss: 0.5505617260932922 
epoch: 2 step: 180 train_loss: 0.5008823275566101 
epoch: 2 step: 185 train_loss: 0.5115180015563965 
epoch: 2 step: 190 train_loss: 0.5341193079948425 
epoch: 2 step: 195 train_loss: 0.530410647392273 
epoch: 2 step: 200 train_loss: 0.5830182433128357 
epoch: 2 step: 205 train_loss: 0.6203126907348633 
epoch: 2 step: 210 train_loss: 0.5115072727203369 
epoch: 2 step: 215 train_loss: 0.5339788794517517 
epoch: 2 step: 220 train_loss: 0.5742641687393188 
epoch: 2 step: 225 train_loss: 0.5384211540222168 
epoch: 2 step: 230 train_loss: 0.5396621823310852 
epoch: 2 step: 235 train_loss: 0.5811783671379089 
epoch: 2 step: 240 train_loss: 0.5167794227600098 
epoch: 2 step: 245 train_loss: 0.5765900611877441 
epoch: 2 step: 250 train_loss: 0.6532015800476074 
epoch: 2 step: 255 train_loss: 0.5907910466194153 
epoch: 2 step: 260 train_loss: 0.5359799265861511 
epoch: 2 step: 265 train_loss: 0.614611804485321 
epoch: 2 step: 270 train_loss: 0.5491190552711487 
epoch: 2 step: 275 train_loss: 0.45895352959632874 
epoch: 2 step: 280 train_loss: 0.5033926367759705 
epoch: 2 step: 285 train_loss: 0.5146292448043823 
epoch: 2 step: 290 train_loss: 0.5147829055786133 
epoch: 2 step: 295 train_loss: 0.5500995516777039 
epoch: 2 step: 300 train_loss: 0.5123938322067261 
epoch: 2 step: 305 train_loss: 0.6095226407051086 
epoch: 2 step: 310 train_loss: 0.4822594225406647 
epoch: 2 step: 315 train_loss: 0.6515137553215027 
epoch: 2 step: 320 train_loss: 0.5621271133422852 
epoch: 2 step: 325 train_loss: 0.5247964262962341 
epoch: 2 step: 330 train_loss: 0.45128345489501953 
epoch: 2 step: 335 train_loss: 0.46477606892585754 
epoch: 2 step: 340 train_loss: 0.4951925277709961 
epoch: 2 step: 345 train_loss: 0.6091335415840149 
epoch: 2 step: 350 train_loss: 0.5787929892539978 
epoch: 2 step: 355 train_loss: 0.48361945152282715 
epoch: 2 step: 360 train_loss: 0.47586750984191895 
epoch: 2 step: 365 train_loss: 0.5017512440681458 
epoch: 2 step: 370 train_loss: 0.5461918115615845 
epoch: 2 step: 375 train_loss: 0.551313579082489 
epoch: 2 step: 380 train_loss: 0.5298522710800171 
epoch: 2 step: 385 train_loss: 0.46351996064186096 
epoch: 2 step: 390 train_loss: 0.49289315938949585 
epoch: 2 step: 395 train_loss: 0.5051645040512085 
epoch: 2 step: 400 train_loss: 0.5633295774459839 
epoch: 2 step: 405 train_loss: 0.4890466332435608 
epoch: 2 step: 410 train_loss: 0.5376051068305969 
epoch: 2 step: 415 train_loss: 0.5012608766555786 
epoch: 2 step: 420 train_loss: 0.4663425385951996 
epoch: 2 step: 425 train_loss: 0.5211412310600281 
epoch: 2 step: 430 train_loss: 0.5166166424751282 
epoch: 2 step: 435 train_loss: 0.5194157361984253 
epoch: 2 step: 440 train_loss: 0.4851793646812439 
epoch: 2 step: 445 train_loss: 0.5015575289726257 
epoch: 2 step: 450 train_loss: 0.5153213739395142 
epoch: 2 step: 455 train_loss: 0.590903639793396 
epoch: 2 step: 460 train_loss: 0.488424152135849 
epoch: 2 step: 465 train_loss: 0.5346554517745972 
epoch: 2 step: 470 train_loss: 0.47890353202819824 
epoch: 2 step: 475 train_loss: 0.524552047252655 
epoch: 2 step: 480 train_loss: 0.49931052327156067 
epoch: 2 step: 485 train_loss: 0.5705476999282837 
epoch: 2 step: 490 train_loss: 0.39131516218185425 
epoch: 2 step: 495 train_loss: 0.4852220416069031 
epoch: 2 step: 500 train_loss: 0.5418780446052551 
epoch: 2 step: 505 train_loss: 0.5708076357841492 
epoch: 2 step: 510 train_loss: 0.5135877728462219 
epoch: 2 step: 515 train_loss: 0.5091702938079834 
epoch: 2 step: 520 train_loss: 0.4695674777030945 
epoch: 2 step: 525 train_loss: 0.5250425338745117 
epoch: 2 step: 530 train_loss: 0.5536988377571106 
epoch: 2 step: 535 train_loss: 0.4781503975391388 
epoch: 2 step: 540 train_loss: 0.5606217384338379 
epoch: 2 step: 545 train_loss: 0.41988518834114075 
epoch: 2 step: 550 train_loss: 0.6067231893539429 
epoch: 2 step: 555 train_loss: 0.5311827063560486 
epoch: 2 step: 560 train_loss: 0.45075133442878723 
epoch: 2 step: 565 train_loss: 0.5455065369606018 
epoch: 2 step: 570 train_loss: 0.5822047591209412 
epoch: 2 step: 575 train_loss: 0.5279013514518738 
epoch: 2 step: 580 train_loss: 0.5164040923118591 
epoch: 2 step: 585 train_loss: 0.5575020909309387 
epoch: 2 step: 590 train_loss: 0.4798618257045746 
epoch: 2 step: 595 train_loss: 0.5198121070861816 
epoch: 2 step: 600 train_loss: 0.569889485836029 
epoch: 2 step: 605 train_loss: 0.536141574382782 
epoch: 2 step: 610 train_loss: 0.4721840023994446 
epoch: 2 step: 615 train_loss: 0.5164284706115723 
epoch: 2 step: 620 train_loss: 0.5291837453842163 
epoch: 2 step: 625 train_loss: 0.5300993323326111 
epoch: 2 step: 630 train_loss: 0.5099703669548035 
epoch: 2 step: 635 train_loss: 0.5334359407424927 
epoch: 2 step: 640 train_loss: 0.48326683044433594 
epoch: 2 step: 645 train_loss: 0.605990469455719 
epoch: 2 step: 650 train_loss: 0.5120660066604614 
epoch: 2 step: 655 train_loss: 0.5291522741317749 
epoch: 2 step: 660 train_loss: 0.6572329998016357 
epoch: 2 step: 665 train_loss: 0.548386812210083 
epoch: 2 step: 670 train_loss: 0.5852323174476624 
epoch: 2 step: 675 train_loss: 0.5288822650909424 
epoch: 2 step: 680 train_loss: 0.5799214839935303 
epoch: 2 step: 685 train_loss: 0.5926692485809326 
epoch: 2 step: 690 train_loss: 0.5679340958595276 
epoch: 2 step: 695 train_loss: 0.5371707081794739 
epoch: 2 step: 700 train_loss: 0.6020768284797668 
epoch: 2 step: 705 train_loss: 0.6178189516067505 
epoch: 2 step: 710 train_loss: 0.6703821420669556 
epoch: 2 step: 715 train_loss: 0.41678035259246826 
epoch: 2 step: 720 train_loss: 0.6384733319282532 
epoch: 2 step: 725 train_loss: 0.5579635500907898 
epoch: 2 step: 730 train_loss: 0.5511804819107056 
epoch: 2 step: 735 train_loss: 0.5421896576881409 
epoch: 2 step: 740 train_loss: 0.5391058921813965 
epoch: 2 step: 745 train_loss: 0.5046505928039551 
epoch: 2 step: 750 train_loss: 0.462104856967926 
epoch: 2 step: 755 train_loss: 0.5280096530914307 
epoch: 3 step: 0 train_loss: 0.4270443320274353 
epoch: 3 step: 5 train_loss: 0.5576343536376953 
epoch: 3 step: 10 train_loss: 0.5837404131889343 
epoch: 3 step: 15 train_loss: 0.5355366468429565 
epoch: 3 step: 20 train_loss: 0.4990342855453491 
epoch: 3 step: 25 train_loss: 0.5576272010803223 
epoch: 3 step: 30 train_loss: 0.7311679720878601 
epoch: 3 step: 35 train_loss: 0.48878374695777893 
epoch: 3 step: 40 train_loss: 0.5262546539306641 
epoch: 3 step: 45 train_loss: 0.558453381061554 
epoch: 3 step: 50 train_loss: 0.5529003739356995 
epoch: 3 step: 55 train_loss: 0.5238566994667053 
epoch: 3 step: 60 train_loss: 0.514909029006958 
epoch: 3 step: 65 train_loss: 0.5639264583587646 
epoch: 3 step: 70 train_loss: 0.5560393333435059 
epoch: 3 step: 75 train_loss: 0.5338687300682068 
epoch: 3 step: 80 train_loss: 0.5360240936279297 
epoch: 3 step: 85 train_loss: 0.4874112010002136 
epoch: 3 step: 90 train_loss: 0.5168064832687378 
epoch: 3 step: 95 train_loss: 0.44465845823287964 
epoch: 3 step: 100 train_loss: 0.5339794754981995 
epoch: 3 step: 105 train_loss: 0.5141301155090332 
epoch: 3 step: 110 train_loss: 0.5289340615272522 
epoch: 3 step: 115 train_loss: 0.5568642616271973 
epoch: 3 step: 120 train_loss: 0.6467655301094055 
epoch: 3 step: 125 train_loss: 0.5445374250411987 
epoch: 3 step: 130 train_loss: 0.5789945721626282 
epoch: 3 step: 135 train_loss: 0.5018875002861023 
epoch: 3 step: 140 train_loss: 0.561283528804779 
epoch: 3 step: 145 train_loss: 0.5214264988899231 
epoch: 3 step: 150 train_loss: 0.5243253707885742 
epoch: 3 step: 155 train_loss: 0.462771475315094 
epoch: 3 step: 160 train_loss: 0.5500878691673279 
epoch: 3 step: 165 train_loss: 0.5366176962852478 
epoch: 3 step: 170 train_loss: 0.48706841468811035 
epoch: 3 step: 175 train_loss: 0.5652528405189514 
epoch: 3 step: 180 train_loss: 0.53767329454422 
epoch: 3 step: 185 train_loss: 0.473056823015213 
epoch: 3 step: 190 train_loss: 0.5043033957481384 
epoch: 3 step: 195 train_loss: 0.5757836699485779 
epoch: 3 step: 200 train_loss: 0.4781210720539093 
epoch: 3 step: 205 train_loss: 0.5356636643409729 
epoch: 3 step: 210 train_loss: 0.6399714946746826 
epoch: 3 step: 215 train_loss: 0.5436743497848511 
epoch: 3 step: 220 train_loss: 0.5129699110984802 
epoch: 3 step: 225 train_loss: 0.5839651226997375 
epoch: 3 step: 230 train_loss: 0.47673124074935913 
epoch: 3 step: 235 train_loss: 0.5274054408073425 
epoch: 3 step: 240 train_loss: 0.5162361264228821 
epoch: 3 step: 245 train_loss: 0.47057044506073 
epoch: 3 step: 250 train_loss: 0.4859897494316101 
epoch: 3 step: 255 train_loss: 0.5381664037704468 
epoch: 3 step: 260 train_loss: 0.6357912421226501 
epoch: 3 step: 265 train_loss: 0.5113546848297119 
epoch: 3 step: 270 train_loss: 0.5097902417182922 
epoch: 3 step: 275 train_loss: 0.4967609941959381 
epoch: 3 step: 280 train_loss: 0.4811219274997711 
epoch: 3 step: 285 train_loss: 0.5807769894599915 
epoch: 3 step: 290 train_loss: 0.49917668104171753 
epoch: 3 step: 295 train_loss: 0.5388383269309998 
epoch: 3 step: 300 train_loss: 0.45856744050979614 
epoch: 3 step: 305 train_loss: 0.4863765239715576 
epoch: 3 step: 310 train_loss: 0.5935201644897461 
epoch: 3 step: 315 train_loss: 0.43147140741348267 
epoch: 3 step: 320 train_loss: 0.5588242411613464 
epoch: 3 step: 325 train_loss: 0.5979650616645813 
epoch: 3 step: 330 train_loss: 0.5280311703681946 
epoch: 3 step: 335 train_loss: 0.5940496325492859 
epoch: 3 step: 340 train_loss: 0.5138912200927734 
epoch: 3 step: 345 train_loss: 0.41161516308784485 
epoch: 3 step: 350 train_loss: 0.4318970739841461 
epoch: 3 step: 355 train_loss: 0.4766642153263092 
epoch: 3 step: 360 train_loss: 0.4478667974472046 
epoch: 3 step: 365 train_loss: 0.5190785527229309 
epoch: 3 step: 370 train_loss: 0.5612434148788452 
epoch: 3 step: 375 train_loss: 0.5428622961044312 
epoch: 3 step: 380 train_loss: 0.5706415176391602 
epoch: 3 step: 385 train_loss: 0.5110504031181335 
epoch: 3 step: 390 train_loss: 0.6770492196083069 
epoch: 3 step: 395 train_loss: 0.5662175416946411 
epoch: 3 step: 400 train_loss: 0.5658746957778931 
epoch: 3 step: 405 train_loss: 0.6314390301704407 
epoch: 3 step: 410 train_loss: 0.5239166617393494 
epoch: 3 step: 415 train_loss: 0.5338994264602661 
epoch: 3 step: 420 train_loss: 0.5155842900276184 
epoch: 3 step: 425 train_loss: 0.4052162766456604 
epoch: 3 step: 430 train_loss: 0.4676056206226349 
epoch: 3 step: 435 train_loss: 0.5574027299880981 
epoch: 3 step: 440 train_loss: 0.5219888091087341 
epoch: 3 step: 445 train_loss: 0.5019134879112244 
epoch: 3 step: 450 train_loss: 0.46169447898864746 
epoch: 3 step: 455 train_loss: 0.46262064576148987 
epoch: 3 step: 460 train_loss: 0.5398518443107605 
epoch: 3 step: 465 train_loss: 0.5321171879768372 
epoch: 3 step: 470 train_loss: 0.47131073474884033 
epoch: 3 step: 475 train_loss: 0.5411347150802612 
epoch: 3 step: 480 train_loss: 0.4731437563896179 
epoch: 3 step: 485 train_loss: 0.4989969730377197 
epoch: 3 step: 490 train_loss: 0.531312108039856 
epoch: 3 step: 495 train_loss: 0.4942622184753418 
epoch: 3 step: 500 train_loss: 0.5467959642410278 
epoch: 3 step: 505 train_loss: 0.4742632806301117 
epoch: 3 step: 510 train_loss: 0.4658539891242981 
epoch: 3 step: 515 train_loss: 0.5385066866874695 
epoch: 3 step: 520 train_loss: 0.48726895451545715 
epoch: 3 step: 525 train_loss: 0.5165150761604309 
epoch: 3 step: 530 train_loss: 0.4909471869468689 
epoch: 3 step: 535 train_loss: 0.4782473146915436 
epoch: 3 step: 540 train_loss: 0.49737221002578735 
epoch: 3 step: 545 train_loss: 0.5176037549972534 
epoch: 3 step: 550 train_loss: 0.5587790012359619 
epoch: 3 step: 555 train_loss: 0.5629138350486755 
epoch: 3 step: 560 train_loss: 0.5268343687057495 
epoch: 3 step: 565 train_loss: 0.37087565660476685 
epoch: 3 step: 570 train_loss: 0.4300081729888916 
epoch: 3 step: 575 train_loss: 0.56574946641922 
epoch: 3 step: 580 train_loss: 0.5241695046424866 
epoch: 3 step: 585 train_loss: 0.48439013957977295 
epoch: 3 step: 590 train_loss: 0.47169017791748047 
epoch: 3 step: 595 train_loss: 0.4232725203037262 
epoch: 3 step: 600 train_loss: 0.5983762741088867 
epoch: 3 step: 605 train_loss: 0.4109618663787842 
epoch: 3 step: 610 train_loss: 0.5692455768585205 
epoch: 3 step: 615 train_loss: 0.6874166131019592 
epoch: 3 step: 620 train_loss: 0.48663604259490967 
epoch: 3 step: 625 train_loss: 0.576876163482666 
epoch: 3 step: 630 train_loss: 0.5358137488365173 
epoch: 3 step: 635 train_loss: 0.5013325810432434 
epoch: 3 step: 640 train_loss: 0.4990024268627167 
epoch: 3 step: 645 train_loss: 0.4578436017036438 
epoch: 3 step: 650 train_loss: 0.3918570876121521 
epoch: 3 step: 655 train_loss: 0.5322628617286682 
epoch: 3 step: 660 train_loss: 0.4819662272930145 
epoch: 3 step: 665 train_loss: 0.427962064743042 
epoch: 3 step: 670 train_loss: 0.6274177432060242 
epoch: 3 step: 675 train_loss: 0.3987446427345276 
epoch: 3 step: 680 train_loss: 0.49304771423339844 
epoch: 3 step: 685 train_loss: 0.6459205150604248 
epoch: 3 step: 690 train_loss: 0.8542025685310364 
epoch: 3 step: 695 train_loss: 0.5698371529579163 
epoch: 3 step: 700 train_loss: 0.6660571694374084 
epoch: 3 step: 705 train_loss: 0.5650447607040405 
epoch: 3 step: 710 train_loss: 0.49830296635627747 
epoch: 3 step: 715 train_loss: 0.5025805830955505 
epoch: 3 step: 720 train_loss: 0.5390922427177429 
epoch: 3 step: 725 train_loss: 0.521519124507904 
epoch: 3 step: 730 train_loss: 0.5210652947425842 
epoch: 3 step: 735 train_loss: 0.4624572694301605 
epoch: 3 step: 740 train_loss: 0.4818936884403229 
epoch: 3 step: 745 train_loss: 0.6999279856681824 
epoch: 3 step: 750 train_loss: 0.5593720078468323 
epoch: 3 step: 755 train_loss: 0.627567708492279 
epoch: 4 step: 0 train_loss: 0.4789043664932251 
epoch: 4 step: 5 train_loss: 0.5026744604110718 
epoch: 4 step: 10 train_loss: 0.5286357998847961 
epoch: 4 step: 15 train_loss: 0.47628873586654663 
epoch: 4 step: 20 train_loss: 0.552435576915741 
epoch: 4 step: 25 train_loss: 0.5008787512779236 
epoch: 4 step: 30 train_loss: 0.5029950737953186 
epoch: 4 step: 35 train_loss: 0.5657806992530823 
epoch: 4 step: 40 train_loss: 0.5186963081359863 
epoch: 4 step: 45 train_loss: 0.39240211248397827 
epoch: 4 step: 50 train_loss: 0.4916124641895294 
epoch: 4 step: 55 train_loss: 0.5935440063476562 
epoch: 4 step: 60 train_loss: 0.4937781095504761 
epoch: 4 step: 65 train_loss: 0.49888551235198975 
epoch: 4 step: 70 train_loss: 0.5235050916671753 
epoch: 4 step: 75 train_loss: 0.670697033405304 
epoch: 4 step: 80 train_loss: 0.45196712017059326 
epoch: 4 step: 85 train_loss: 0.5186958909034729 
epoch: 4 step: 90 train_loss: 0.569362998008728 
epoch: 4 step: 95 train_loss: 0.47084322571754456 
epoch: 4 step: 100 train_loss: 0.5020229816436768 
epoch: 4 step: 105 train_loss: 0.45386648178100586 
epoch: 4 step: 110 train_loss: 0.4839206635951996 
epoch: 4 step: 115 train_loss: 0.4653688073158264 
epoch: 4 step: 120 train_loss: 0.5195391178131104 
epoch: 4 step: 125 train_loss: 0.48956817388534546 
epoch: 4 step: 130 train_loss: 0.46889641880989075 
epoch: 4 step: 135 train_loss: 0.4649586081504822 
epoch: 4 step: 140 train_loss: 0.5161504149436951 
epoch: 4 step: 145 train_loss: 0.4393448829650879 
epoch: 4 step: 150 train_loss: 0.4401785135269165 
epoch: 4 step: 155 train_loss: 0.5335985422134399 
epoch: 4 step: 160 train_loss: 0.4697446823120117 
epoch: 4 step: 165 train_loss: 0.5512381792068481 
epoch: 4 step: 170 train_loss: 0.583685576915741 
epoch: 4 step: 175 train_loss: 0.43233340978622437 
epoch: 4 step: 180 train_loss: 0.4717799127101898 
epoch: 4 step: 185 train_loss: 0.5113283395767212 
epoch: 4 step: 190 train_loss: 0.7653151154518127 
epoch: 4 step: 195 train_loss: 0.74767005443573 
epoch: 4 step: 200 train_loss: 0.6286215782165527 
epoch: 4 step: 205 train_loss: 0.48254597187042236 
epoch: 4 step: 210 train_loss: 0.6149290800094604 
epoch: 4 step: 215 train_loss: 0.46844393014907837 
epoch: 4 step: 220 train_loss: 0.5978661179542542 
epoch: 4 step: 225 train_loss: 0.5720305442810059 
epoch: 4 step: 230 train_loss: 0.529707670211792 
epoch: 4 step: 235 train_loss: 0.5277544856071472 
epoch: 4 step: 240 train_loss: 0.5659638047218323 
epoch: 4 step: 245 train_loss: 0.5414007902145386 
epoch: 4 step: 250 train_loss: 0.5310783386230469 
epoch: 4 step: 255 train_loss: 0.5953599810600281 
epoch: 4 step: 260 train_loss: 0.5071072578430176 
epoch: 4 step: 265 train_loss: 0.5282386541366577 
epoch: 4 step: 270 train_loss: 0.500145435333252 
epoch: 4 step: 275 train_loss: 0.49551528692245483 
epoch: 4 step: 280 train_loss: 0.5480350852012634 
epoch: 4 step: 285 train_loss: 0.5695851445198059 
epoch: 4 step: 290 train_loss: 0.4774141013622284 
epoch: 4 step: 295 train_loss: 0.45512717962265015 
epoch: 4 step: 300 train_loss: 0.6209325790405273 
epoch: 4 step: 305 train_loss: 0.49212366342544556 
epoch: 4 step: 310 train_loss: 0.5351393818855286 
epoch: 4 step: 315 train_loss: 0.5375717878341675 
epoch: 4 step: 320 train_loss: 0.5026282072067261 
epoch: 4 step: 325 train_loss: 0.5123580098152161 
epoch: 4 step: 330 train_loss: 0.5420629382133484 
epoch: 4 step: 335 train_loss: 0.4883500039577484 
epoch: 4 step: 340 train_loss: 0.5221747159957886 
epoch: 4 step: 345 train_loss: 0.49661320447921753 
epoch: 4 step: 350 train_loss: 0.5387478470802307 
epoch: 4 step: 355 train_loss: 0.4621490240097046 
epoch: 4 step: 360 train_loss: 0.5831574201583862 
epoch: 4 step: 365 train_loss: 0.6580754518508911 
epoch: 4 step: 370 train_loss: 0.5335983633995056 
epoch: 4 step: 375 train_loss: 0.5292948484420776 
epoch: 4 step: 380 train_loss: 0.4905605614185333 
epoch: 4 step: 385 train_loss: 0.4769056737422943 
epoch: 4 step: 390 train_loss: 0.4860851764678955 
epoch: 4 step: 395 train_loss: 0.4987494945526123 
epoch: 4 step: 400 train_loss: 0.4814942181110382 
epoch: 4 step: 405 train_loss: 0.47017014026641846 
epoch: 4 step: 410 train_loss: 0.5434595346450806 
epoch: 4 step: 415 train_loss: 0.5096375346183777 
epoch: 4 step: 420 train_loss: 0.45934954285621643 
epoch: 4 step: 425 train_loss: 0.5218122005462646 
epoch: 4 step: 430 train_loss: 0.4695321321487427 
epoch: 4 step: 435 train_loss: 0.4187583029270172 
epoch: 4 step: 440 train_loss: 0.5172102451324463 
epoch: 4 step: 445 train_loss: 0.534785807132721 
epoch: 4 step: 450 train_loss: 0.6683236956596375 
epoch: 4 step: 455 train_loss: 0.4296819567680359 
epoch: 4 step: 460 train_loss: 0.5228905081748962 
epoch: 4 step: 465 train_loss: 0.531326949596405 
epoch: 4 step: 470 train_loss: 0.5014460682868958 
epoch: 4 step: 475 train_loss: 0.43935999274253845 
epoch: 4 step: 480 train_loss: 0.5279562473297119 
epoch: 4 step: 485 train_loss: 0.46229881048202515 
epoch: 4 step: 490 train_loss: 0.45115038752555847 
epoch: 4 step: 495 train_loss: 0.4588126242160797 
epoch: 4 step: 500 train_loss: 0.4759196639060974 
epoch: 4 step: 505 train_loss: 0.4683421552181244 
epoch: 4 step: 510 train_loss: 0.5181882977485657 
epoch: 4 step: 515 train_loss: 0.5984164476394653 
epoch: 4 step: 520 train_loss: 0.46351733803749084 
epoch: 4 step: 525 train_loss: 0.4419313967227936 
epoch: 4 step: 530 train_loss: 0.4464947283267975 
epoch: 4 step: 535 train_loss: 0.5562054514884949 
epoch: 4 step: 540 train_loss: 0.5996924638748169 
epoch: 4 step: 545 train_loss: 0.43215233087539673 
epoch: 4 step: 550 train_loss: 0.5026596188545227 
epoch: 4 step: 555 train_loss: 0.49607348442077637 
epoch: 4 step: 560 train_loss: 0.4725264310836792 
epoch: 4 step: 565 train_loss: 0.537013053894043 
epoch: 4 step: 570 train_loss: 0.5222266912460327 
epoch: 4 step: 575 train_loss: 0.4962976276874542 
epoch: 4 step: 580 train_loss: 0.4819062054157257 
epoch: 4 step: 585 train_loss: 0.5258828401565552 
epoch: 4 step: 590 train_loss: 0.4432834982872009 
epoch: 4 step: 595 train_loss: 0.44045594334602356 
epoch: 4 step: 600 train_loss: 0.4468747079372406 
epoch: 4 step: 605 train_loss: 0.454831063747406 
epoch: 4 step: 610 train_loss: 0.44838663935661316 
epoch: 4 step: 615 train_loss: 0.38383859395980835 
epoch: 4 step: 620 train_loss: 0.5176840424537659 
epoch: 4 step: 625 train_loss: 0.5172049403190613 
epoch: 4 step: 630 train_loss: 0.49990296363830566 
epoch: 4 step: 635 train_loss: 0.4542427659034729 
epoch: 4 step: 640 train_loss: 0.46862369775772095 
epoch: 4 step: 645 train_loss: 0.3549976944923401 
epoch: 4 step: 650 train_loss: 0.47298699617385864 
epoch: 4 step: 655 train_loss: 0.4548698365688324 
epoch: 4 step: 660 train_loss: 0.4344852864742279 
epoch: 4 step: 665 train_loss: 0.9304710030555725 
epoch: 4 step: 670 train_loss: 1.059766411781311 
epoch: 4 step: 675 train_loss: 0.620188295841217 
epoch: 4 step: 680 train_loss: 0.5201558470726013 
epoch: 4 step: 685 train_loss: 0.6704579591751099 
epoch: 4 step: 690 train_loss: 0.49359917640686035 
epoch: 4 step: 695 train_loss: 0.4804414212703705 
epoch: 4 step: 700 train_loss: 0.5376579761505127 
epoch: 4 step: 705 train_loss: 0.43958863615989685 
epoch: 4 step: 710 train_loss: 0.5209514498710632 
epoch: 4 step: 715 train_loss: 0.5351125001907349 
epoch: 4 step: 720 train_loss: 0.5075525045394897 
epoch: 4 step: 725 train_loss: 0.5143175721168518 
epoch: 4 step: 730 train_loss: 0.42830464243888855 
epoch: 4 step: 735 train_loss: 0.4754958748817444 
epoch: 4 step: 740 train_loss: 0.49966657161712646 
epoch: 4 step: 745 train_loss: 0.42953652143478394 
epoch: 4 step: 750 train_loss: 0.4909884035587311 
epoch: 4 step: 755 train_loss: 0.5056674480438232 
epoch: 5 step: 0 train_loss: 0.47877082228660583 
epoch: 5 step: 5 train_loss: 0.49541035294532776 
epoch: 5 step: 10 train_loss: 0.5209565758705139 
epoch: 5 step: 15 train_loss: 0.5009937286376953 
epoch: 5 step: 20 train_loss: 0.470503032207489 
epoch: 5 step: 25 train_loss: 0.5149990916252136 
epoch: 5 step: 30 train_loss: 0.49824586510658264 
epoch: 5 step: 35 train_loss: 0.6183815002441406 
epoch: 5 step: 40 train_loss: 0.6031902432441711 
epoch: 5 step: 45 train_loss: 0.6113163232803345 
epoch: 5 step: 50 train_loss: 0.5214971899986267 
epoch: 5 step: 55 train_loss: 0.47534969449043274 
epoch: 5 step: 60 train_loss: 0.5162166953086853 
epoch: 5 step: 65 train_loss: 0.5005947351455688 
epoch: 5 step: 70 train_loss: 0.48807844519615173 
epoch: 5 step: 75 train_loss: 0.4511580467224121 
epoch: 5 step: 80 train_loss: 0.4789636433124542 
epoch: 5 step: 85 train_loss: 0.49528902769088745 
epoch: 5 step: 90 train_loss: 0.5092474818229675 
epoch: 5 step: 95 train_loss: 0.47187283635139465 
epoch: 5 step: 100 train_loss: 0.5146674513816833 
epoch: 5 step: 105 train_loss: 0.4898759126663208 
epoch: 5 step: 110 train_loss: 0.4972226619720459 
epoch: 5 step: 115 train_loss: 0.5701101422309875 
epoch: 5 step: 120 train_loss: 0.5523093938827515 
epoch: 5 step: 125 train_loss: 0.5295513868331909 
epoch: 5 step: 130 train_loss: 0.5388247966766357 
epoch: 5 step: 135 train_loss: 0.4581674635410309 
epoch: 5 step: 140 train_loss: 0.4995967745780945 
epoch: 5 step: 145 train_loss: 0.4881439507007599 
epoch: 5 step: 150 train_loss: 0.5833237767219543 
epoch: 5 step: 155 train_loss: 0.6043527126312256 
epoch: 5 step: 160 train_loss: 0.4934674799442291 
epoch: 5 step: 165 train_loss: 0.5079800486564636 
epoch: 5 step: 170 train_loss: 0.4622916579246521 
epoch: 5 step: 175 train_loss: 0.49054813385009766 
epoch: 5 step: 180 train_loss: 0.5151023864746094 
epoch: 5 step: 185 train_loss: 0.5101586580276489 
epoch: 5 step: 190 train_loss: 0.5520135760307312 
epoch: 5 step: 195 train_loss: 0.41892194747924805 
epoch: 5 step: 200 train_loss: 0.5560082197189331 
epoch: 5 step: 205 train_loss: 0.46627238392829895 
epoch: 5 step: 210 train_loss: 0.5338488817214966 
epoch: 5 step: 215 train_loss: 0.39066368341445923 
epoch: 5 step: 220 train_loss: 0.49680718779563904 
epoch: 5 step: 225 train_loss: 0.46300262212753296 
epoch: 5 step: 230 train_loss: 0.45807623863220215 
epoch: 5 step: 235 train_loss: 0.484723299741745 
epoch: 5 step: 240 train_loss: 0.4749341309070587 
epoch: 5 step: 245 train_loss: 0.44503891468048096 
epoch: 5 step: 250 train_loss: 0.5052458047866821 
epoch: 5 step: 255 train_loss: 0.4535195827484131 
epoch: 5 step: 260 train_loss: 0.5933737754821777 
epoch: 5 step: 265 train_loss: 0.43264487385749817 
epoch: 5 step: 270 train_loss: 0.4304341971874237 
epoch: 5 step: 275 train_loss: 0.4853965938091278 
epoch: 5 step: 280 train_loss: 0.5278443694114685 
epoch: 5 step: 285 train_loss: 0.5144040584564209 
epoch: 5 step: 290 train_loss: 0.44190332293510437 
epoch: 5 step: 295 train_loss: 0.424226313829422 
epoch: 5 step: 300 train_loss: 0.45621633529663086 
epoch: 5 step: 305 train_loss: 0.47559303045272827 
epoch: 5 step: 310 train_loss: 0.4518554210662842 
epoch: 5 step: 315 train_loss: 0.43950456380844116 
epoch: 5 step: 320 train_loss: 0.4370763301849365 
epoch: 5 step: 325 train_loss: 0.48730823397636414 
epoch: 5 step: 330 train_loss: 0.41091349720954895 
epoch: 5 step: 335 train_loss: 0.6024414896965027 
epoch: 5 step: 340 train_loss: 0.4631490409374237 
epoch: 5 step: 345 train_loss: 0.43047958612442017 
epoch: 5 step: 350 train_loss: 0.4578225910663605 
epoch: 5 step: 355 train_loss: 0.43800392746925354 
epoch: 5 step: 360 train_loss: 0.38553929328918457 
epoch: 5 step: 365 train_loss: 0.43107515573501587 
epoch: 5 step: 370 train_loss: 0.38450920581817627 
epoch: 5 step: 375 train_loss: 0.7881898880004883 
epoch: 5 step: 380 train_loss: 0.5042478442192078 
epoch: 5 step: 385 train_loss: 0.5646429061889648 
epoch: 5 step: 390 train_loss: 0.5167980194091797 
epoch: 5 step: 395 train_loss: 0.4911525845527649 
epoch: 5 step: 400 train_loss: 0.5017129182815552 
epoch: 5 step: 405 train_loss: 0.4627839922904968 
epoch: 5 step: 410 train_loss: 0.4738125503063202 
epoch: 5 step: 415 train_loss: 0.4646229147911072 
epoch: 5 step: 420 train_loss: 0.42765167355537415 
epoch: 5 step: 425 train_loss: 0.47343307733535767 
epoch: 5 step: 430 train_loss: 0.4108884036540985 
epoch: 5 step: 435 train_loss: 0.46378523111343384 
epoch: 5 step: 440 train_loss: 0.42573195695877075 
epoch: 5 step: 445 train_loss: 0.44361984729766846 
epoch: 5 step: 450 train_loss: 0.3977302610874176 
epoch: 5 step: 455 train_loss: 0.4412063658237457 
epoch: 5 step: 460 train_loss: 0.4608980715274811 
epoch: 5 step: 465 train_loss: 0.466404527425766 
epoch: 5 step: 470 train_loss: 0.36875149607658386 
epoch: 5 step: 475 train_loss: 0.4121774137020111 
epoch: 5 step: 480 train_loss: 0.3983059227466583 
epoch: 5 step: 485 train_loss: 0.3446524441242218 
epoch: 5 step: 490 train_loss: 0.5304901003837585 
epoch: 5 step: 495 train_loss: 0.9012581706047058 
epoch: 5 step: 500 train_loss: 0.40102076530456543 
epoch: 5 step: 505 train_loss: 0.5248795747756958 
epoch: 5 step: 510 train_loss: 0.46230342984199524 
epoch: 5 step: 515 train_loss: 0.4500846564769745 
epoch: 5 step: 520 train_loss: 0.48093488812446594 
epoch: 5 step: 525 train_loss: 0.49728772044181824 
epoch: 5 step: 530 train_loss: 0.45385706424713135 
epoch: 5 step: 535 train_loss: 0.4523564875125885 
epoch: 5 step: 540 train_loss: 0.39557766914367676 
epoch: 5 step: 545 train_loss: 0.36770200729370117 
epoch: 5 step: 550 train_loss: 0.4846420884132385 
epoch: 5 step: 555 train_loss: 0.43894580006599426 
epoch: 5 step: 560 train_loss: 0.3676720857620239 
epoch: 5 step: 565 train_loss: 0.44140806794166565 
epoch: 5 step: 570 train_loss: 0.4514565169811249 
epoch: 5 step: 575 train_loss: 0.4025875926017761 
epoch: 5 step: 580 train_loss: 0.4494696259498596 
epoch: 5 step: 585 train_loss: 0.46033212542533875 
epoch: 5 step: 590 train_loss: 0.5206378698348999 
epoch: 5 step: 595 train_loss: 0.983798086643219 
epoch: 5 step: 600 train_loss: 0.6788085699081421 
epoch: 5 step: 605 train_loss: 0.5722988247871399 
epoch: 5 step: 610 train_loss: 0.45183053612709045 
epoch: 5 step: 615 train_loss: 0.482278436422348 
epoch: 5 step: 620 train_loss: 0.5292210578918457 
epoch: 5 step: 625 train_loss: 0.5412283539772034 
epoch: 5 step: 630 train_loss: 0.43248751759529114 
epoch: 5 step: 635 train_loss: 0.5687292814254761 
epoch: 5 step: 640 train_loss: 0.4779014587402344 
epoch: 5 step: 645 train_loss: 0.48433735966682434 
epoch: 5 step: 650 train_loss: 0.4786490201950073 
epoch: 5 step: 655 train_loss: 0.4847254157066345 
epoch: 5 step: 660 train_loss: 0.5294734239578247 
epoch: 5 step: 665 train_loss: 0.4605272114276886 
epoch: 5 step: 670 train_loss: 0.4318225085735321 
epoch: 5 step: 675 train_loss: 0.5890346765518188 
epoch: 5 step: 680 train_loss: 0.49693360924720764 
epoch: 5 step: 685 train_loss: 0.5374805927276611 
epoch: 5 step: 690 train_loss: 0.49186739325523376 
epoch: 5 step: 695 train_loss: 0.6112846732139587 
epoch: 5 step: 700 train_loss: 0.44295820593833923 
epoch: 5 step: 705 train_loss: 0.3884790241718292 
epoch: 5 step: 710 train_loss: 0.47047147154808044 
epoch: 5 step: 715 train_loss: 0.4260009229183197 
epoch: 5 step: 720 train_loss: 0.4095962941646576 
epoch: 5 step: 725 train_loss: 0.41965341567993164 
epoch: 5 step: 730 train_loss: 0.4539397954940796 
epoch: 5 step: 735 train_loss: 0.3664795756340027 
epoch: 5 step: 740 train_loss: 0.5870132446289062 
epoch: 5 step: 745 train_loss: 0.5628160834312439 
epoch: 5 step: 750 train_loss: 0.5317273139953613 
epoch: 5 step: 755 train_loss: 0.4923003613948822 
epoch: 6 step: 0 train_loss: 0.5252487063407898 
epoch: 6 step: 5 train_loss: 0.4834785461425781 
epoch: 6 step: 10 train_loss: 0.37830594182014465 
epoch: 6 step: 15 train_loss: 0.47053393721580505 
epoch: 6 step: 20 train_loss: 0.4576139748096466 
epoch: 6 step: 25 train_loss: 0.491125226020813 
epoch: 6 step: 30 train_loss: 0.5056495666503906 
epoch: 6 step: 35 train_loss: 0.4191514849662781 
epoch: 6 step: 40 train_loss: 0.40480250120162964 
epoch: 6 step: 45 train_loss: 0.40803325176239014 
epoch: 6 step: 50 train_loss: 0.474142462015152 
epoch: 6 step: 55 train_loss: 0.4468051493167877 
epoch: 6 step: 60 train_loss: 0.48440369963645935 
epoch: 6 step: 65 train_loss: 0.41038838028907776 
epoch: 6 step: 70 train_loss: 0.3930637240409851 
epoch: 6 step: 75 train_loss: 0.3878593444824219 
epoch: 6 step: 80 train_loss: 0.43314939737319946 
epoch: 6 step: 85 train_loss: 0.5894970893859863 
epoch: 6 step: 90 train_loss: 0.424515038728714 
epoch: 6 step: 95 train_loss: 0.37850654125213623 
epoch: 6 step: 100 train_loss: 0.4142608642578125 
epoch: 6 step: 105 train_loss: 0.4969465434551239 
epoch: 6 step: 110 train_loss: 0.34198087453842163 
epoch: 6 step: 115 train_loss: 0.42500993609428406 
epoch: 6 step: 120 train_loss: 0.4770001173019409 
epoch: 6 step: 125 train_loss: 0.37868019938468933 
epoch: 6 step: 130 train_loss: 0.4420856833457947 
epoch: 6 step: 135 train_loss: 0.4538426101207733 
epoch: 6 step: 140 train_loss: 0.44019177556037903 
epoch: 6 step: 145 train_loss: 0.4411888122558594 
epoch: 6 step: 150 train_loss: 0.438544362783432 
epoch: 6 step: 155 train_loss: 0.37172073125839233 
epoch: 6 step: 160 train_loss: 0.40828946232795715 
epoch: 6 step: 165 train_loss: 0.35798946022987366 
epoch: 6 step: 170 train_loss: 0.4056302309036255 
epoch: 6 step: 175 train_loss: 0.3762778043746948 
epoch: 6 step: 180 train_loss: 0.3196873664855957 
epoch: 6 step: 185 train_loss: 0.44173988699913025 
epoch: 6 step: 190 train_loss: 1.0937737226486206 
epoch: 6 step: 195 train_loss: 0.6581839323043823 
epoch: 6 step: 200 train_loss: 0.56580650806427 
epoch: 6 step: 205 train_loss: 0.4479420781135559 
epoch: 6 step: 210 train_loss: 0.5191543698310852 
epoch: 6 step: 215 train_loss: 0.443950891494751 
epoch: 6 step: 220 train_loss: 0.5181172490119934 
epoch: 6 step: 225 train_loss: 0.5361684560775757 
epoch: 6 step: 230 train_loss: 0.4363979697227478 
epoch: 6 step: 235 train_loss: 0.5271124839782715 
epoch: 6 step: 240 train_loss: 0.514643669128418 
epoch: 6 step: 245 train_loss: 0.4375040531158447 
epoch: 6 step: 250 train_loss: 0.45254087448120117 
epoch: 6 step: 255 train_loss: 0.3931260108947754 
epoch: 6 step: 260 train_loss: 0.5395231246948242 
epoch: 6 step: 265 train_loss: 0.48011514544487 
epoch: 6 step: 270 train_loss: 0.5677000284194946 
epoch: 6 step: 275 train_loss: 0.45350539684295654 
epoch: 6 step: 280 train_loss: 0.39611831307411194 
epoch: 6 step: 285 train_loss: 0.44133907556533813 
epoch: 6 step: 290 train_loss: 0.4626390337944031 
epoch: 6 step: 295 train_loss: 0.5356396436691284 
epoch: 6 step: 300 train_loss: 0.3839697241783142 
epoch: 6 step: 305 train_loss: 0.4434468448162079 
epoch: 6 step: 310 train_loss: 0.4004686772823334 
epoch: 6 step: 315 train_loss: 0.38998764753341675 
epoch: 6 step: 320 train_loss: 0.3452582061290741 
epoch: 6 step: 325 train_loss: 0.492429256439209 
epoch: 6 step: 330 train_loss: 0.3920161724090576 
epoch: 6 step: 335 train_loss: 0.48087599873542786 
epoch: 6 step: 340 train_loss: 0.4840434491634369 
epoch: 6 step: 345 train_loss: 0.37983080744743347 
epoch: 6 step: 350 train_loss: 0.4274281859397888 
epoch: 6 step: 355 train_loss: 0.39451736211776733 
epoch: 6 step: 360 train_loss: 0.4668065905570984 
epoch: 6 step: 365 train_loss: 0.5431617498397827 
epoch: 6 step: 370 train_loss: 0.42261210083961487 
epoch: 6 step: 375 train_loss: 0.56147301197052 
epoch: 6 step: 380 train_loss: 0.4248088002204895 
epoch: 6 step: 385 train_loss: 0.41165468096733093 
epoch: 6 step: 390 train_loss: 0.4680628478527069 
epoch: 6 step: 395 train_loss: 0.4868150055408478 
epoch: 6 step: 400 train_loss: 0.4391210973262787 
epoch: 6 step: 405 train_loss: 0.41590481996536255 
epoch: 6 step: 410 train_loss: 0.4041711390018463 
epoch: 6 step: 415 train_loss: 0.3831396698951721 
epoch: 6 step: 420 train_loss: 0.3663577139377594 
epoch: 6 step: 425 train_loss: 0.4438074231147766 
epoch: 6 step: 430 train_loss: 0.43531525135040283 
epoch: 6 step: 435 train_loss: 0.4931237995624542 
epoch: 6 step: 440 train_loss: 0.44143202900886536 
epoch: 6 step: 445 train_loss: 0.3939670920372009 
epoch: 6 step: 450 train_loss: 0.5000416040420532 
epoch: 6 step: 455 train_loss: 0.41446056962013245 
epoch: 6 step: 460 train_loss: 0.393384724855423 
epoch: 6 step: 465 train_loss: 0.40486305952072144 
epoch: 6 step: 470 train_loss: 0.4399125874042511 
epoch: 6 step: 475 train_loss: 0.4514610469341278 
epoch: 6 step: 480 train_loss: 0.4022544324398041 
epoch: 6 step: 485 train_loss: 0.6161218285560608 
epoch: 6 step: 490 train_loss: 0.5539080500602722 
epoch: 6 step: 495 train_loss: 0.6251469254493713 
epoch: 6 step: 500 train_loss: 0.43152719736099243 
epoch: 6 step: 505 train_loss: 0.46403515338897705 
epoch: 6 step: 510 train_loss: 0.5073843598365784 
epoch: 6 step: 515 train_loss: 0.4395471513271332 
epoch: 6 step: 520 train_loss: 0.4398688077926636 
epoch: 6 step: 525 train_loss: 0.4473276734352112 
epoch: 6 step: 530 train_loss: 0.41343507170677185 
epoch: 6 step: 535 train_loss: 0.34758296608924866 
epoch: 6 step: 540 train_loss: 0.4007447361946106 
epoch: 6 step: 545 train_loss: 0.37416085600852966 
epoch: 6 step: 550 train_loss: 0.3617360293865204 
epoch: 6 step: 555 train_loss: 0.43545207381248474 
epoch: 6 step: 560 train_loss: 0.3370499610900879 
epoch: 6 step: 565 train_loss: 0.4155638813972473 
epoch: 6 step: 570 train_loss: 0.34178364276885986 
epoch: 6 step: 575 train_loss: 0.3656340539455414 
epoch: 6 step: 580 train_loss: 0.405841201543808 
epoch: 6 step: 585 train_loss: 0.4231119453907013 
epoch: 6 step: 590 train_loss: 0.44943147897720337 
epoch: 6 step: 595 train_loss: 0.3909163475036621 
epoch: 6 step: 600 train_loss: 0.34598100185394287 
epoch: 6 step: 605 train_loss: 0.3524969816207886 
epoch: 6 step: 610 train_loss: 0.33639246225357056 
epoch: 6 step: 615 train_loss: 0.3804553747177124 
epoch: 6 step: 620 train_loss: 0.33481523394584656 
epoch: 6 step: 625 train_loss: 0.5210742354393005 
epoch: 6 step: 630 train_loss: 0.4192061424255371 
epoch: 6 step: 635 train_loss: 0.38972294330596924 
epoch: 6 step: 640 train_loss: 0.6900122165679932 
epoch: 6 step: 645 train_loss: 0.47450336813926697 
epoch: 6 step: 650 train_loss: 0.5968663692474365 
epoch: 6 step: 655 train_loss: 0.4717991054058075 
epoch: 6 step: 660 train_loss: 0.40497103333473206 
epoch: 6 step: 665 train_loss: 0.4733806848526001 
epoch: 6 step: 670 train_loss: 0.42367973923683167 
epoch: 6 step: 675 train_loss: 0.40037593245506287 
epoch: 6 step: 680 train_loss: 0.3956699073314667 
epoch: 6 step: 685 train_loss: 0.3354620635509491 
epoch: 6 step: 690 train_loss: 0.4407641291618347 
epoch: 6 step: 695 train_loss: 0.3700263500213623 
epoch: 6 step: 700 train_loss: 0.35588791966438293 
epoch: 6 step: 705 train_loss: 0.5287142395973206 
epoch: 6 step: 710 train_loss: 0.42446812987327576 
epoch: 6 step: 715 train_loss: 0.4598551094532013 
epoch: 6 step: 720 train_loss: 0.43124812841415405 
epoch: 6 step: 725 train_loss: 0.5178974270820618 
epoch: 6 step: 730 train_loss: 0.5220850706100464 
epoch: 6 step: 735 train_loss: 0.4228973090648651 
epoch: 6 step: 740 train_loss: 0.39693552255630493 
epoch: 6 step: 745 train_loss: 0.5307822823524475 
epoch: 6 step: 750 train_loss: 0.42641913890838623 
epoch: 6 step: 755 train_loss: 0.49752214550971985 
epoch: 7 step: 0 train_loss: 0.4223727285861969 
epoch: 7 step: 5 train_loss: 0.42013487219810486 
epoch: 7 step: 10 train_loss: 0.44229856133461 
epoch: 7 step: 15 train_loss: 0.49040719866752625 
epoch: 7 step: 20 train_loss: 0.3518064320087433 
epoch: 7 step: 25 train_loss: 0.4857531189918518 
epoch: 7 step: 30 train_loss: 0.5208210349082947 
epoch: 7 step: 35 train_loss: 0.5075313448905945 
epoch: 7 step: 40 train_loss: 0.36550694704055786 
epoch: 7 step: 45 train_loss: 0.42717796564102173 
epoch: 7 step: 50 train_loss: 0.4007907509803772 
epoch: 7 step: 55 train_loss: 0.49629297852516174 
epoch: 7 step: 60 train_loss: 0.40523064136505127 
epoch: 7 step: 65 train_loss: 0.4134596884250641 
epoch: 7 step: 70 train_loss: 0.42860206961631775 
epoch: 7 step: 75 train_loss: 0.3505949378013611 
epoch: 7 step: 80 train_loss: 0.46888020634651184 
epoch: 7 step: 85 train_loss: 0.7028974294662476 
epoch: 7 step: 90 train_loss: 0.6328932642936707 
epoch: 7 step: 95 train_loss: 0.4307357370853424 
epoch: 7 step: 100 train_loss: 0.45787808299064636 
epoch: 7 step: 105 train_loss: 0.45977461338043213 
epoch: 7 step: 110 train_loss: 0.4807007312774658 
epoch: 7 step: 115 train_loss: 0.5063737034797668 
epoch: 7 step: 120 train_loss: 0.46674492955207825 
epoch: 7 step: 125 train_loss: 0.4764612019062042 
epoch: 7 step: 130 train_loss: 0.42663443088531494 
epoch: 7 step: 135 train_loss: 0.38409551978111267 
epoch: 7 step: 140 train_loss: 0.33716750144958496 
epoch: 7 step: 145 train_loss: 0.33645546436309814 
epoch: 7 step: 150 train_loss: 0.42252206802368164 
epoch: 7 step: 155 train_loss: 0.3847465515136719 
epoch: 7 step: 160 train_loss: 0.3868027329444885 
epoch: 7 step: 165 train_loss: 0.44014209508895874 
epoch: 7 step: 170 train_loss: 0.28635311126708984 
epoch: 7 step: 175 train_loss: 0.36941444873809814 
epoch: 7 step: 180 train_loss: 0.5214226841926575 
epoch: 7 step: 185 train_loss: 0.5381404757499695 
epoch: 7 step: 190 train_loss: 0.47175654768943787 
epoch: 7 step: 195 train_loss: 0.5032385587692261 
epoch: 7 step: 200 train_loss: 0.4536381959915161 
epoch: 7 step: 205 train_loss: 0.4155387282371521 
epoch: 7 step: 210 train_loss: 0.4003499448299408 
epoch: 7 step: 215 train_loss: 0.43695175647735596 
epoch: 7 step: 220 train_loss: 0.3145690858364105 
epoch: 7 step: 225 train_loss: 0.49911925196647644 
epoch: 7 step: 230 train_loss: 0.4620690941810608 
epoch: 7 step: 235 train_loss: 0.4565381407737732 
epoch: 7 step: 240 train_loss: 0.3896603584289551 
epoch: 7 step: 245 train_loss: 0.3640025854110718 
epoch: 7 step: 250 train_loss: 0.38716861605644226 
epoch: 7 step: 255 train_loss: 0.6310629844665527 
epoch: 7 step: 260 train_loss: 0.4028600752353668 
epoch: 7 step: 265 train_loss: 0.37618589401245117 
epoch: 7 step: 270 train_loss: 0.6056390404701233 
epoch: 7 step: 275 train_loss: 0.6657525897026062 
epoch: 7 step: 280 train_loss: 0.5264445543289185 
epoch: 7 step: 285 train_loss: 0.3939371705055237 
epoch: 7 step: 290 train_loss: 0.5257348418235779 
epoch: 7 step: 295 train_loss: 0.34443575143814087 
epoch: 7 step: 300 train_loss: 0.39306870102882385 
epoch: 7 step: 305 train_loss: 0.3930874466896057 
epoch: 7 step: 310 train_loss: 0.32086092233657837 
epoch: 7 step: 315 train_loss: 0.3395788073539734 
epoch: 7 step: 320 train_loss: 0.47844138741493225 
epoch: 7 step: 325 train_loss: 0.397162526845932 
epoch: 7 step: 330 train_loss: 0.34681081771850586 
epoch: 7 step: 335 train_loss: 0.3861004114151001 
epoch: 7 step: 340 train_loss: 0.3765217065811157 
epoch: 7 step: 345 train_loss: 0.8317945003509521 
epoch: 7 step: 350 train_loss: 0.34257009625434875 
epoch: 7 step: 355 train_loss: 0.5330766439437866 
epoch: 7 step: 360 train_loss: 0.42213648557662964 
epoch: 7 step: 365 train_loss: 0.37400925159454346 
epoch: 7 step: 370 train_loss: 0.43707072734832764 
epoch: 7 step: 375 train_loss: 0.5181966423988342 
epoch: 7 step: 380 train_loss: 0.36109501123428345 
epoch: 7 step: 385 train_loss: 0.47091802954673767 
epoch: 7 step: 390 train_loss: 0.48785334825515747 
epoch: 7 step: 395 train_loss: 0.3634536564350128 
epoch: 7 step: 400 train_loss: 0.42329472303390503 
epoch: 7 step: 405 train_loss: 0.3568587601184845 
epoch: 7 step: 410 train_loss: 0.38724568486213684 
epoch: 7 step: 415 train_loss: 0.413524329662323 
epoch: 7 step: 420 train_loss: 0.38515761494636536 
epoch: 7 step: 425 train_loss: 0.36263978481292725 
epoch: 7 step: 430 train_loss: 0.9032257795333862 
epoch: 7 step: 435 train_loss: 0.7401812076568604 
epoch: 7 step: 440 train_loss: 0.6945724487304688 
epoch: 7 step: 445 train_loss: 0.45992234349250793 
epoch: 7 step: 450 train_loss: 0.45903193950653076 
epoch: 7 step: 455 train_loss: 0.4736223816871643 
epoch: 7 step: 460 train_loss: 0.45135781168937683 
epoch: 7 step: 465 train_loss: 0.44877317547798157 
epoch: 7 step: 470 train_loss: 0.46106401085853577 
epoch: 7 step: 475 train_loss: 0.4166070520877838 
epoch: 7 step: 480 train_loss: 0.36419570446014404 
epoch: 7 step: 485 train_loss: 0.3824688196182251 
epoch: 7 step: 490 train_loss: 0.3743976652622223 
epoch: 7 step: 495 train_loss: 0.5450842380523682 
epoch: 7 step: 500 train_loss: 0.4734187424182892 
epoch: 7 step: 505 train_loss: 0.5255919694900513 
epoch: 7 step: 510 train_loss: 0.3600803315639496 
epoch: 7 step: 515 train_loss: 0.3651101589202881 
epoch: 7 step: 520 train_loss: 0.37691763043403625 
epoch: 7 step: 525 train_loss: 0.39549198746681213 
epoch: 7 step: 530 train_loss: 0.45473241806030273 
epoch: 7 step: 535 train_loss: 0.41986772418022156 
epoch: 7 step: 540 train_loss: 0.4518345892429352 
epoch: 7 step: 545 train_loss: 0.4193387031555176 
epoch: 7 step: 550 train_loss: 0.38445335626602173 
epoch: 7 step: 555 train_loss: 0.4069485664367676 
epoch: 7 step: 560 train_loss: 0.3958115577697754 
epoch: 7 step: 565 train_loss: 0.3732743263244629 
epoch: 7 step: 570 train_loss: 0.3400415778160095 
epoch: 7 step: 575 train_loss: 0.36962562799453735 
epoch: 7 step: 580 train_loss: 0.3661312460899353 
epoch: 7 step: 585 train_loss: 0.42840614914894104 
epoch: 7 step: 590 train_loss: 0.36836084723472595 
epoch: 7 step: 595 train_loss: 0.3330332338809967 
epoch: 7 step: 600 train_loss: 0.2690981924533844 
epoch: 7 step: 605 train_loss: 0.30058252811431885 
epoch: 7 step: 610 train_loss: 0.6987953782081604 
epoch: 7 step: 615 train_loss: 0.40338870882987976 
epoch: 7 step: 620 train_loss: 0.3563322424888611 
epoch: 7 step: 625 train_loss: 0.46797555685043335 
epoch: 7 step: 630 train_loss: 0.5045722723007202 
epoch: 7 step: 635 train_loss: 0.5794670581817627 
epoch: 7 step: 640 train_loss: 0.45989570021629333 
epoch: 7 step: 645 train_loss: 0.4689302444458008 
epoch: 7 step: 650 train_loss: 0.38117074966430664 
epoch: 7 step: 655 train_loss: 0.3737231492996216 
epoch: 7 step: 660 train_loss: 0.3278341293334961 
epoch: 7 step: 665 train_loss: 0.34912165999412537 
epoch: 7 step: 670 train_loss: 0.33977922797203064 
epoch: 7 step: 675 train_loss: 0.39003893733024597 
epoch: 7 step: 680 train_loss: 0.30440059304237366 
epoch: 7 step: 685 train_loss: 0.3279038965702057 
epoch: 7 step: 690 train_loss: 0.7398979663848877 
epoch: 7 step: 695 train_loss: 0.8409327268600464 
epoch: 7 step: 700 train_loss: 0.4729946255683899 
epoch: 7 step: 705 train_loss: 0.43609917163848877 
epoch: 7 step: 710 train_loss: 0.5318534970283508 
epoch: 7 step: 715 train_loss: 0.5419496893882751 
epoch: 7 step: 720 train_loss: 0.4118763208389282 
epoch: 7 step: 725 train_loss: 0.5239264965057373 
epoch: 7 step: 730 train_loss: 0.4323112964630127 
epoch: 7 step: 735 train_loss: 0.4841702878475189 
epoch: 7 step: 740 train_loss: 0.4146958589553833 
epoch: 7 step: 745 train_loss: 0.4654826521873474 
epoch: 7 step: 750 train_loss: 0.5369529724121094 
epoch: 7 step: 755 train_loss: 0.4576299488544464 
epoch: 8 step: 0 train_loss: 0.447975218296051 
epoch: 8 step: 5 train_loss: 0.4226289987564087 
epoch: 8 step: 10 train_loss: 0.5450054407119751 
epoch: 8 step: 15 train_loss: 0.47009676694869995 
epoch: 8 step: 20 train_loss: 0.47889193892478943 
epoch: 8 step: 25 train_loss: 0.4939746558666229 
epoch: 8 step: 30 train_loss: 0.391086608171463 
epoch: 8 step: 35 train_loss: 0.36994343996047974 
epoch: 8 step: 40 train_loss: 0.38990262150764465 
epoch: 8 step: 45 train_loss: 0.40176597237586975 
epoch: 8 step: 50 train_loss: 0.4109831154346466 
epoch: 8 step: 55 train_loss: 0.2475479543209076 
epoch: 8 step: 60 train_loss: 0.334708571434021 
epoch: 8 step: 65 train_loss: 0.5090077519416809 
epoch: 8 step: 70 train_loss: 0.35994455218315125 
epoch: 8 step: 75 train_loss: 0.3515723645687103 
epoch: 8 step: 80 train_loss: 0.44068455696105957 
epoch: 8 step: 85 train_loss: 0.9990600943565369 
epoch: 8 step: 90 train_loss: 0.4973597824573517 
epoch: 8 step: 95 train_loss: 0.5704867839813232 
epoch: 8 step: 100 train_loss: 0.45068663358688354 
epoch: 8 step: 105 train_loss: 0.542212724685669 
epoch: 8 step: 110 train_loss: 0.48887625336647034 
epoch: 8 step: 115 train_loss: 0.4261530339717865 
epoch: 8 step: 120 train_loss: 0.44551753997802734 
epoch: 8 step: 125 train_loss: 0.4797707498073578 
epoch: 8 step: 130 train_loss: 0.5382686257362366 
epoch: 8 step: 135 train_loss: 0.4105188846588135 
epoch: 8 step: 140 train_loss: 0.4053646922111511 
epoch: 8 step: 145 train_loss: 0.45559120178222656 
epoch: 8 step: 150 train_loss: 0.47797051072120667 
epoch: 8 step: 155 train_loss: 0.3468572199344635 
epoch: 8 step: 160 train_loss: 0.3788893222808838 
epoch: 8 step: 165 train_loss: 0.4652089476585388 
epoch: 8 step: 170 train_loss: 0.3542758524417877 
epoch: 8 step: 175 train_loss: 0.45950374007225037 
epoch: 8 step: 180 train_loss: 0.3510477542877197 
epoch: 8 step: 185 train_loss: 0.3508070111274719 
epoch: 8 step: 190 train_loss: 0.3944273889064789 
epoch: 8 step: 195 train_loss: 0.4367736577987671 
epoch: 8 step: 200 train_loss: 0.43386292457580566 
epoch: 8 step: 205 train_loss: 0.3464691936969757 
epoch: 8 step: 210 train_loss: 0.3719804584980011 
epoch: 8 step: 215 train_loss: 0.319978803396225 
epoch: 8 step: 220 train_loss: 0.36655187606811523 
epoch: 8 step: 225 train_loss: 0.2957957983016968 
epoch: 8 step: 230 train_loss: 0.6632817387580872 
epoch: 8 step: 235 train_loss: 0.4329968988895416 
epoch: 8 step: 240 train_loss: 0.499531626701355 
epoch: 8 step: 245 train_loss: 0.4721508324146271 
epoch: 8 step: 250 train_loss: 0.40942421555519104 
epoch: 8 step: 255 train_loss: 0.32228779792785645 
epoch: 8 step: 260 train_loss: 0.3162270784378052 
epoch: 8 step: 265 train_loss: 0.27044790983200073 
epoch: 8 step: 270 train_loss: 0.3439617455005646 
epoch: 8 step: 275 train_loss: 0.3334057033061981 
epoch: 8 step: 280 train_loss: 0.5333033204078674 
epoch: 8 step: 285 train_loss: 0.93791264295578 
epoch: 8 step: 290 train_loss: 0.6642260551452637 
epoch: 8 step: 295 train_loss: 0.48037081956863403 
epoch: 8 step: 300 train_loss: 0.5399402976036072 
epoch: 8 step: 305 train_loss: 0.38384559750556946 
epoch: 8 step: 310 train_loss: 0.5269650220870972 
epoch: 8 step: 315 train_loss: 0.4792408049106598 
epoch: 8 step: 320 train_loss: 0.43599098920822144 
epoch: 8 step: 325 train_loss: 0.46463653445243835 
epoch: 8 step: 330 train_loss: 0.41773170232772827 
epoch: 8 step: 335 train_loss: 0.42398950457572937 
epoch: 8 step: 340 train_loss: 0.3952620029449463 
epoch: 8 step: 345 train_loss: 0.4310659170150757 
epoch: 8 step: 350 train_loss: 0.4258323609828949 
epoch: 8 step: 355 train_loss: 0.5193683505058289 
epoch: 8 step: 360 train_loss: 0.42273879051208496 
epoch: 8 step: 365 train_loss: 0.3950313329696655 
epoch: 8 step: 370 train_loss: 0.4146726131439209 
epoch: 8 step: 375 train_loss: 0.36406460404396057 
epoch: 8 step: 380 train_loss: 0.4001680910587311 
epoch: 8 step: 385 train_loss: 0.33956751227378845 
epoch: 8 step: 390 train_loss: 0.2968868017196655 
epoch: 8 step: 395 train_loss: 0.3684350252151489 
epoch: 8 step: 400 train_loss: 0.8582513928413391 
epoch: 8 step: 405 train_loss: 0.4410438537597656 
epoch: 8 step: 410 train_loss: 0.629781186580658 
epoch: 8 step: 415 train_loss: 0.4706355631351471 
epoch: 8 step: 420 train_loss: 0.4238739013671875 
epoch: 8 step: 425 train_loss: 0.5162829756736755 
epoch: 8 step: 430 train_loss: 0.3972574472427368 
epoch: 8 step: 435 train_loss: 0.4883168041706085 
epoch: 8 step: 440 train_loss: 0.4636858105659485 
epoch: 8 step: 445 train_loss: 0.4274885058403015 
epoch: 8 step: 450 train_loss: 0.414773553609848 
epoch: 8 step: 455 train_loss: 0.32614439725875854 
epoch: 8 step: 460 train_loss: 0.3556240200996399 
epoch: 8 step: 465 train_loss: 0.37111377716064453 
epoch: 8 step: 470 train_loss: 0.3219853937625885 
epoch: 8 step: 475 train_loss: 0.3296130895614624 
epoch: 8 step: 480 train_loss: 0.45816364884376526 
epoch: 8 step: 485 train_loss: 0.34823453426361084 
epoch: 8 step: 490 train_loss: 0.5418611168861389 
epoch: 8 step: 495 train_loss: 0.3423004746437073 
epoch: 8 step: 500 train_loss: 0.4018491506576538 
epoch: 8 step: 505 train_loss: 0.37162554264068604 
epoch: 8 step: 510 train_loss: 0.33519303798675537 
epoch: 8 step: 515 train_loss: 0.29378676414489746 
epoch: 8 step: 520 train_loss: 0.511562168598175 
epoch: 8 step: 525 train_loss: 0.6889024376869202 
epoch: 8 step: 530 train_loss: 0.5870437026023865 
epoch: 8 step: 535 train_loss: 0.4483615458011627 
epoch: 8 step: 540 train_loss: 0.38319045305252075 
epoch: 8 step: 545 train_loss: 0.43055957555770874 
epoch: 8 step: 550 train_loss: 0.38782674074172974 
epoch: 8 step: 555 train_loss: 0.3488215208053589 
epoch: 8 step: 560 train_loss: 0.43140512704849243 
epoch: 8 step: 565 train_loss: 0.2903091013431549 
epoch: 8 step: 570 train_loss: 0.30513426661491394 
epoch: 8 step: 575 train_loss: 0.3645036220550537 
epoch: 8 step: 580 train_loss: 0.33446887135505676 
epoch: 8 step: 585 train_loss: 0.5610026717185974 
epoch: 8 step: 590 train_loss: 0.3405351936817169 
epoch: 8 step: 595 train_loss: 0.3115748167037964 
epoch: 8 step: 600 train_loss: 0.362915575504303 
epoch: 8 step: 605 train_loss: 0.3520088791847229 
epoch: 8 step: 610 train_loss: 0.38743704557418823 
epoch: 8 step: 615 train_loss: 0.42504459619522095 
epoch: 8 step: 620 train_loss: 0.4038020372390747 
epoch: 8 step: 625 train_loss: 0.36937516927719116 
epoch: 8 step: 630 train_loss: 0.3224743902683258 
epoch: 8 step: 635 train_loss: 0.2612871527671814 
epoch: 8 step: 640 train_loss: 0.32158610224723816 
epoch: 8 step: 645 train_loss: 0.3154495060443878 
epoch: 8 step: 650 train_loss: 0.3000396490097046 
epoch: 8 step: 655 train_loss: 0.7916015982627869 
epoch: 8 step: 660 train_loss: 0.6329412460327148 
epoch: 8 step: 665 train_loss: 0.7991834282875061 
epoch: 8 step: 670 train_loss: 0.5913524031639099 
epoch: 8 step: 675 train_loss: 0.5276122093200684 
epoch: 8 step: 680 train_loss: 0.5205702185630798 
epoch: 8 step: 685 train_loss: 0.4567350745201111 
epoch: 8 step: 690 train_loss: 0.4752642810344696 
epoch: 8 step: 695 train_loss: 0.35330963134765625 
epoch: 8 step: 700 train_loss: 0.4732952415943146 
epoch: 8 step: 705 train_loss: 0.4332510828971863 
epoch: 8 step: 710 train_loss: 0.4345541000366211 
epoch: 8 step: 715 train_loss: 0.47044089436531067 
epoch: 8 step: 720 train_loss: 0.4534686505794525 
epoch: 8 step: 725 train_loss: 0.42688947916030884 
epoch: 8 step: 730 train_loss: 0.4837326407432556 
epoch: 8 step: 735 train_loss: 0.4806668162345886 
epoch: 8 step: 740 train_loss: 0.5162741541862488 
epoch: 8 step: 745 train_loss: 0.4816337525844574 
epoch: 8 step: 750 train_loss: 0.42368486523628235 
epoch: 8 step: 755 train_loss: 0.43529027700424194 
epoch: 9 step: 0 train_loss: 0.47249656915664673 
epoch: 9 step: 5 train_loss: 0.4727325737476349 
epoch: 9 step: 10 train_loss: 0.4879431128501892 
epoch: 9 step: 15 train_loss: 0.45746511220932007 
epoch: 9 step: 20 train_loss: 0.4332088828086853 
epoch: 9 step: 25 train_loss: 0.5157513618469238 
epoch: 9 step: 30 train_loss: 0.44498103857040405 
epoch: 9 step: 35 train_loss: 0.42167550325393677 
epoch: 9 step: 40 train_loss: 0.43473324179649353 
epoch: 9 step: 45 train_loss: 0.4559193253517151 
epoch: 9 step: 50 train_loss: 0.3735354542732239 
epoch: 9 step: 55 train_loss: 0.3856666684150696 
epoch: 9 step: 60 train_loss: 0.4945701062679291 
epoch: 9 step: 65 train_loss: 0.44039854407310486 
epoch: 9 step: 70 train_loss: 0.39770641922950745 
epoch: 9 step: 75 train_loss: 0.33980464935302734 
epoch: 9 step: 80 train_loss: 0.4555663466453552 
epoch: 9 step: 85 train_loss: 0.40542322397232056 
epoch: 9 step: 90 train_loss: 0.3528514802455902 
epoch: 9 step: 95 train_loss: 0.42813727259635925 
epoch: 9 step: 100 train_loss: 0.3567090630531311 
epoch: 9 step: 105 train_loss: 0.3937891721725464 
epoch: 9 step: 110 train_loss: 0.37717410922050476 
epoch: 9 step: 115 train_loss: 0.42116379737854004 
epoch: 9 step: 120 train_loss: 0.4045431613922119 
epoch: 9 step: 125 train_loss: 0.37406423687934875 
epoch: 9 step: 130 train_loss: 0.37307414412498474 
epoch: 9 step: 135 train_loss: 0.2924528419971466 
epoch: 9 step: 140 train_loss: 0.2833292782306671 
epoch: 9 step: 145 train_loss: 0.3305807411670685 
epoch: 9 step: 150 train_loss: 0.29988953471183777 
epoch: 9 step: 155 train_loss: 0.4682273268699646 
epoch: 9 step: 160 train_loss: 0.4072314202785492 
epoch: 9 step: 165 train_loss: 0.472511887550354 
epoch: 9 step: 170 train_loss: 0.3276539146900177 
epoch: 9 step: 175 train_loss: 0.36373189091682434 
epoch: 9 step: 180 train_loss: 0.3874235451221466 
epoch: 9 step: 185 train_loss: 0.4397635757923126 
epoch: 9 step: 190 train_loss: 0.4154163897037506 
epoch: 9 step: 195 train_loss: 0.31199049949645996 
epoch: 9 step: 200 train_loss: 0.3876079022884369 
epoch: 9 step: 205 train_loss: 0.3057723939418793 
epoch: 9 step: 210 train_loss: 0.3193783760070801 
epoch: 9 step: 215 train_loss: 0.5589547157287598 
epoch: 9 step: 220 train_loss: 0.8924254179000854 
epoch: 9 step: 225 train_loss: 0.3788476586341858 
epoch: 9 step: 230 train_loss: 0.3441351354122162 
epoch: 9 step: 235 train_loss: 0.39220377802848816 
epoch: 9 step: 240 train_loss: 0.39036285877227783 
epoch: 9 step: 245 train_loss: 0.2755643427371979 
epoch: 9 step: 250 train_loss: 0.34358644485473633 
epoch: 9 step: 255 train_loss: 0.5339875221252441 
epoch: 9 step: 260 train_loss: 0.31510329246520996 
epoch: 9 step: 265 train_loss: 0.4257103204727173 
epoch: 9 step: 270 train_loss: 0.8996642231941223 
epoch: 9 step: 275 train_loss: 0.9198954105377197 
epoch: 9 step: 280 train_loss: 0.5287671685218811 
epoch: 9 step: 285 train_loss: 0.49953126907348633 
epoch: 9 step: 290 train_loss: 0.5519558191299438 
epoch: 9 step: 295 train_loss: 0.4770459830760956 
epoch: 9 step: 300 train_loss: 0.41572731733322144 
epoch: 9 step: 305 train_loss: 0.4938663840293884 
epoch: 9 step: 310 train_loss: 0.45763224363327026 
epoch: 9 step: 315 train_loss: 0.48868000507354736 
epoch: 9 step: 320 train_loss: 0.48223376274108887 
epoch: 9 step: 325 train_loss: 0.48371434211730957 
epoch: 9 step: 330 train_loss: 0.43253713846206665 
epoch: 9 step: 335 train_loss: 0.5215460658073425 
epoch: 9 step: 340 train_loss: 0.5055983662605286 
epoch: 9 step: 345 train_loss: 0.44536375999450684 
epoch: 9 step: 350 train_loss: 0.37775713205337524 
epoch: 9 step: 355 train_loss: 0.4731283485889435 
epoch: 9 step: 360 train_loss: 0.4406368136405945 
epoch: 9 step: 365 train_loss: 0.48186856508255005 
epoch: 9 step: 370 train_loss: 0.4800407290458679 
epoch: 9 step: 375 train_loss: 0.5304726958274841 
epoch: 9 step: 380 train_loss: 0.5396066308021545 
epoch: 9 step: 385 train_loss: 0.43795061111450195 
epoch: 9 step: 390 train_loss: 0.46103107929229736 
epoch: 9 step: 395 train_loss: 0.4829069674015045 
epoch: 9 step: 400 train_loss: 0.5029623508453369 
epoch: 9 step: 405 train_loss: 0.49709102511405945 
epoch: 9 step: 410 train_loss: 0.4380491077899933 
epoch: 9 step: 415 train_loss: 0.4997884929180145 
epoch: 9 step: 420 train_loss: 0.44029366970062256 
epoch: 9 step: 425 train_loss: 0.40319299697875977 
epoch: 9 step: 430 train_loss: 0.4305570721626282 
epoch: 9 step: 435 train_loss: 0.4066505432128906 
epoch: 9 step: 440 train_loss: 0.43211233615875244 
epoch: 9 step: 445 train_loss: 0.2844598889350891 
epoch: 9 step: 450 train_loss: 0.28321826457977295 
epoch: 9 step: 455 train_loss: 0.3492411971092224 
epoch: 9 step: 460 train_loss: 1.0206173658370972 
epoch: 9 step: 465 train_loss: 0.476032018661499 
epoch: 9 step: 470 train_loss: 0.4325283467769623 
epoch: 9 step: 475 train_loss: 0.46580013632774353 
epoch: 9 step: 480 train_loss: 0.4589037597179413 
epoch: 9 step: 485 train_loss: 0.46851271390914917 
epoch: 9 step: 490 train_loss: 0.47679275274276733 
epoch: 9 step: 495 train_loss: 0.5512510538101196 
epoch: 9 step: 500 train_loss: 0.4779103398323059 
epoch: 9 step: 505 train_loss: 0.49633336067199707 
epoch: 9 step: 510 train_loss: 0.42344918847084045 
epoch: 9 step: 515 train_loss: 0.4645078182220459 
epoch: 9 step: 520 train_loss: 0.44668298959732056 
epoch: 9 step: 525 train_loss: 0.43888503313064575 
epoch: 9 step: 530 train_loss: 0.5618107318878174 
epoch: 9 step: 535 train_loss: 0.5818676352500916 
epoch: 9 step: 540 train_loss: 0.49820026755332947 
epoch: 9 step: 545 train_loss: 0.5201060771942139 
epoch: 9 step: 550 train_loss: 0.39586779475212097 
epoch: 9 step: 555 train_loss: 0.5808759331703186 
epoch: 9 step: 560 train_loss: 0.4032590687274933 
epoch: 9 step: 565 train_loss: 0.3508093059062958 
epoch: 9 step: 570 train_loss: 0.5265231728553772 
epoch: 9 step: 575 train_loss: 0.5151041150093079 
epoch: 9 step: 580 train_loss: 0.4168173372745514 
epoch: 9 step: 585 train_loss: 0.3206252455711365 
epoch: 9 step: 590 train_loss: 0.41707366704940796 
epoch: 9 step: 595 train_loss: 0.3506636321544647 
epoch: 9 step: 600 train_loss: 0.37983372807502747 
epoch: 9 step: 605 train_loss: 0.3244929015636444 
epoch: 9 step: 610 train_loss: 0.30230939388275146 
epoch: 9 step: 615 train_loss: 0.31845033168792725 
epoch: 9 step: 620 train_loss: 0.5375913977622986 
epoch: 9 step: 625 train_loss: 0.6456060409545898 
epoch: 9 step: 630 train_loss: 0.35617968440055847 
epoch: 9 step: 635 train_loss: 0.4158678352832794 
epoch: 9 step: 640 train_loss: 0.4316299259662628 
epoch: 9 step: 645 train_loss: 0.39568719267845154 
epoch: 9 step: 650 train_loss: 0.416777104139328 
epoch: 9 step: 655 train_loss: 0.4061417281627655 
epoch: 9 step: 660 train_loss: 0.464251309633255 
epoch: 9 step: 665 train_loss: 0.37085846066474915 
epoch: 9 step: 670 train_loss: 0.35086870193481445 
epoch: 9 step: 675 train_loss: 0.35648196935653687 
epoch: 9 step: 680 train_loss: 0.3950737416744232 
epoch: 9 step: 685 train_loss: 0.29614371061325073 
epoch: 9 step: 690 train_loss: 0.2949978709220886 
epoch: 9 step: 695 train_loss: 0.27548491954803467 
epoch: 9 step: 700 train_loss: 0.5280899405479431 
epoch: 9 step: 705 train_loss: 0.6941753029823303 
epoch: 9 step: 710 train_loss: 0.41433775424957275 
epoch: 9 step: 715 train_loss: 0.5180081725120544 
epoch: 9 step: 720 train_loss: 0.39420583844184875 
epoch: 9 step: 725 train_loss: 0.3410033881664276 
epoch: 9 step: 730 train_loss: 0.3438355028629303 
epoch: 9 step: 735 train_loss: 0.49086353182792664 
epoch: 9 step: 740 train_loss: 0.4127556085586548 
epoch: 9 step: 745 train_loss: 0.37508341670036316 
epoch: 9 step: 750 train_loss: 0.31655919551849365 
epoch: 9 step: 755 train_loss: 0.4403161108493805 
